[0.044s] Invoking command in '/home/u2028576/slam_project/build/turtlebot3_msgs': CMAKE_PREFIX_PATH=/opt/ros/humble /usr/bin/cmake --build /home/u2028576/slam_project/build/turtlebot3_msgs -- -j6 -l6
[0.139s] [  0%] Built target ament_cmake_python_symlink_turtlebot3_msgs
[0.148s] [ 11%] Built target turtlebot3_msgs__rosidl_generator_c
[0.154s] [ 12%] Built target turtlebot3_msgs__cpp
[0.184s] [ 23%] Built target turtlebot3_msgs__rosidl_typesupport_fastrtps_c
[0.188s] [ 45%] Built target turtlebot3_msgs__rosidl_typesupport_introspection_c
[0.189s] [ 46%] Built target turtlebot3_msgs__rosidl_typesupport_c
[0.218s] [ 57%] Built target turtlebot3_msgs__rosidl_typesupport_cpp
[0.236s] [ 69%] Built target turtlebot3_msgs__rosidl_typesupport_fastrtps_cpp
[0.245s] [ 80%] Built target turtlebot3_msgs__rosidl_typesupport_introspection_cpp
[0.275s] [ 80%] Built target turtlebot3_msgs
[0.299s] [ 81%] Built target turtlebot3_msgs__py
[0.345s] [ 91%] Built target turtlebot3_msgs__rosidl_generator_py
[0.405s] [ 95%] Built target turtlebot3_msgs__rosidl_typesupport_introspection_c__pyext
[0.406s] [ 97%] Built target turtlebot3_msgs__rosidl_typesupport_c__pyext
[0.425s] [100%] Built target turtlebot3_msgs__rosidl_typesupport_fastrtps_c__pyext
[0.564s] running egg_info
[0.564s] writing turtlebot3_msgs.egg-info/PKG-INFO
[0.565s] writing dependency_links to turtlebot3_msgs.egg-info/dependency_links.txt
[0.565s] writing top-level names to turtlebot3_msgs.egg-info/top_level.txt
[0.568s] reading manifest file 'turtlebot3_msgs.egg-info/SOURCES.txt'
[0.568s] writing manifest file 'turtlebot3_msgs.egg-info/SOURCES.txt'
[0.611s] [100%] Built target ament_cmake_python_build_turtlebot3_msgs_egg
[0.835s] Invoked command in '/home/u2028576/slam_project/build/turtlebot3_msgs' returned '0': CMAKE_PREFIX_PATH=/opt/ros/humble /usr/bin/cmake --build /home/u2028576/slam_project/build/turtlebot3_msgs -- -j6 -l6
[1.082s] Invoking command in '/home/u2028576/slam_project/build/turtlebot3_msgs': CMAKE_PREFIX_PATH=/opt/ros/humble /usr/bin/cmake --install /home/u2028576/slam_project/build/turtlebot3_msgs
[1.112s] -- Install configuration: ""
[1.112s] -- Execute custom install script
[1.112s] -- Up-to-date symlink: /home/u2028576/slam_project/install/turtlebot3_msgs/share/ament_index/resource_index/rosidl_interfaces/turtlebot3_msgs
[1.113s] -- Up-to-date symlink: /home/u2028576/slam_project/install/turtlebot3_msgs/include/turtlebot3_msgs/turtlebot3_msgs/action/detail/patrol__functions.h
[1.113s] -- Up-to-date symlink: /home/u2028576/slam_project/install/turtlebot3_msgs/include/turtlebot3_msgs/turtlebot3_msgs/action/detail/patrol__struct.h
[1.113s] -- Up-to-date symlink: /home/u2028576/slam_project/install/turtlebot3_msgs/include/turtlebot3_msgs/turtlebot3_msgs/action/detail/patrol__type_support.h
[1.113s] -- Up-to-date symlink: /home/u2028576/slam_project/install/turtlebot3_msgs/include/turtlebot3_msgs/turtlebot3_msgs/action/patrol.h
[1.113s] -- Up-to-date symlink: /home/u2028576/slam_project/install/turtlebot3_msgs/include/turtlebot3_msgs/turtlebot3_msgs/msg/detail/sensor_state__functions.h
[1.113s] -- Up-to-date symlink: /home/u2028576/slam_project/install/turtlebot3_msgs/include/turtlebot3_msgs/turtlebot3_msgs/msg/detail/sensor_state__struct.h
[1.113s] -- Up-to-date symlink: /home/u2028576/slam_project/install/turtlebot3_msgs/include/turtlebot3_msgs/turtlebot3_msgs/msg/detail/sensor_state__type_support.h
[1.113s] -- Up-to-date symlink: /home/u2028576/slam_project/install/turtlebot3_msgs/include/turtlebot3_msgs/turtlebot3_msgs/msg/detail/sound__functions.h
[1.113s] -- Up-to-date symlink: /home/u2028576/slam_project/install/turtlebot3_msgs/include/turtlebot3_msgs/turtlebot3_msgs/msg/detail/sound__struct.h
[1.113s] -- Up-to-date symlink: /home/u2028576/slam_project/install/turtlebot3_msgs/include/turtlebot3_msgs/turtlebot3_msgs/msg/detail/sound__type_support.h
[1.113s] -- Up-to-date symlink: /home/u2028576/slam_project/install/turtlebot3_msgs/include/turtlebot3_msgs/turtlebot3_msgs/msg/detail/version_info__functions.h
[1.113s] -- Up-to-date symlink: /home/u2028576/slam_project/install/turtlebot3_msgs/include/turtlebot3_msgs/turtlebot3_msgs/msg/detail/version_info__struct.h
[1.113s] -- Up-to-date symlink: /home/u2028576/slam_project/install/turtlebot3_msgs/include/turtlebot3_msgs/turtlebot3_msgs/msg/detail/version_info__type_support.h
[1.113s] -- Up-to-date symlink: /home/u2028576/slam_project/install/turtlebot3_msgs/include/turtlebot3_msgs/turtlebot3_msgs/msg/rosidl_generator_c__visibility_control.h
[1.113s] -- Up-to-date symlink: /home/u2028576/slam_project/install/turtlebot3_msgs/include/turtlebot3_msgs/turtlebot3_msgs/msg/sensor_state.h
[1.113s] -- Up-to-date symlink: /home/u2028576/slam_project/install/turtlebot3_msgs/include/turtlebot3_msgs/turtlebot3_msgs/msg/sound.h
[1.113s] -- Up-to-date symlink: /home/u2028576/slam_project/install/turtlebot3_msgs/include/turtlebot3_msgs/turtlebot3_msgs/msg/version_info.h
[1.113s] -- Up-to-date symlink: /home/u2028576/slam_project/install/turtlebot3_msgs/include/turtlebot3_msgs/turtlebot3_msgs/srv/detail/dqn__functions.h
[1.113s] -- Up-to-date symlink: /home/u2028576/slam_project/install/turtlebot3_msgs/include/turtlebot3_msgs/turtlebot3_msgs/srv/detail/dqn__struct.h
[1.113s] -- Up-to-date symlink: /home/u2028576/slam_project/install/turtlebot3_msgs/include/turtlebot3_msgs/turtlebot3_msgs/srv/detail/dqn__type_support.h
[1.114s] -- Up-to-date symlink: /home/u2028576/slam_project/install/turtlebot3_msgs/include/turtlebot3_msgs/turtlebot3_msgs/srv/detail/sound__functions.h
[1.114s] -- Up-to-date symlink: /home/u2028576/slam_project/install/turtlebot3_msgs/include/turtlebot3_msgs/turtlebot3_msgs/srv/detail/sound__struct.h
[1.114s] -- Up-to-date symlink: /home/u2028576/slam_project/install/turtlebot3_msgs/include/turtlebot3_msgs/turtlebot3_msgs/srv/detail/sound__type_support.h
[1.114s] -- Up-to-date symlink: /home/u2028576/slam_project/install/turtlebot3_msgs/include/turtlebot3_msgs/turtlebot3_msgs/srv/dqn.h
[1.114s] -- Up-to-date symlink: /home/u2028576/slam_project/install/turtlebot3_msgs/include/turtlebot3_msgs/turtlebot3_msgs/srv/sound.h
[1.114s] -- Up-to-date symlink: /home/u2028576/slam_project/install/turtlebot3_msgs/share/turtlebot3_msgs/environment/library_path.sh
[1.114s] -- Up-to-date symlink: /home/u2028576/slam_project/install/turtlebot3_msgs/share/turtlebot3_msgs/environment/library_path.dsv
[1.114s] -- Up-to-date symlink: /home/u2028576/slam_project/install/turtlebot3_msgs/include/turtlebot3_msgs/turtlebot3_msgs/action/detail/patrol__rosidl_typesupport_fastrtps_c.h
[1.114s] -- Up-to-date symlink: /home/u2028576/slam_project/install/turtlebot3_msgs/include/turtlebot3_msgs/turtlebot3_msgs/msg/detail/sensor_state__rosidl_typesupport_fastrtps_c.h
[1.114s] -- Up-to-date symlink: /home/u2028576/slam_project/install/turtlebot3_msgs/include/turtlebot3_msgs/turtlebot3_msgs/msg/detail/sound__rosidl_typesupport_fastrtps_c.h
[1.114s] -- Up-to-date symlink: /home/u2028576/slam_project/install/turtlebot3_msgs/include/turtlebot3_msgs/turtlebot3_msgs/msg/detail/version_info__rosidl_typesupport_fastrtps_c.h
[1.114s] -- Up-to-date symlink: /home/u2028576/slam_project/install/turtlebot3_msgs/include/turtlebot3_msgs/turtlebot3_msgs/msg/rosidl_typesupport_fastrtps_c__visibility_control.h
[1.114s] -- Up-to-date symlink: /home/u2028576/slam_project/install/turtlebot3_msgs/include/turtlebot3_msgs/turtlebot3_msgs/srv/detail/dqn__rosidl_typesupport_fastrtps_c.h
[1.114s] -- Up-to-date symlink: /home/u2028576/slam_project/install/turtlebot3_msgs/include/turtlebot3_msgs/turtlebot3_msgs/srv/detail/sound__rosidl_typesupport_fastrtps_c.h
[1.114s] -- Up-to-date symlink: /home/u2028576/slam_project/install/turtlebot3_msgs/include/turtlebot3_msgs/turtlebot3_msgs/action/detail/patrol__builder.hpp
[1.114s] -- Up-to-date symlink: /home/u2028576/slam_project/install/turtlebot3_msgs/include/turtlebot3_msgs/turtlebot3_msgs/action/detail/patrol__struct.hpp
[1.116s] -- Up-to-date symlink: /home/u2028576/slam_project/install/turtlebot3_msgs/include/turtlebot3_msgs/turtlebot3_msgs/action/detail/patrol__traits.hpp
[1.116s] -- Up-to-date symlink: /home/u2028576/slam_project/install/turtlebot3_msgs/include/turtlebot3_msgs/turtlebot3_msgs/action/patrol.hpp
[1.116s] -- Up-to-date symlink: /home/u2028576/slam_project/install/turtlebot3_msgs/include/turtlebot3_msgs/turtlebot3_msgs/msg/detail/sensor_state__builder.hpp
[1.116s] -- Up-to-date symlink: /home/u2028576/slam_project/install/turtlebot3_msgs/include/turtlebot3_msgs/turtlebot3_msgs/msg/detail/sensor_state__struct.hpp
[1.116s] -- Up-to-date symlink: /home/u2028576/slam_project/install/turtlebot3_msgs/include/turtlebot3_msgs/turtlebot3_msgs/msg/detail/sensor_state__traits.hpp
[1.116s] -- Up-to-date symlink: /home/u2028576/slam_project/install/turtlebot3_msgs/include/turtlebot3_msgs/turtlebot3_msgs/msg/detail/sound__builder.hpp
[1.117s] -- Up-to-date symlink: /home/u2028576/slam_project/install/turtlebot3_msgs/include/turtlebot3_msgs/turtlebot3_msgs/msg/detail/sound__struct.hpp
[1.117s] -- Up-to-date symlink: /home/u2028576/slam_project/install/turtlebot3_msgs/include/turtlebot3_msgs/turtlebot3_msgs/msg/detail/sound__traits.hpp
[1.117s] -- Up-to-date symlink: /home/u2028576/slam_project/install/turtlebot3_msgs/include/turtlebot3_msgs/turtlebot3_msgs/msg/detail/version_info__builder.hpp
[1.117s] -- Up-to-date symlink: /home/u2028576/slam_project/install/turtlebot3_msgs/include/turtlebot3_msgs/turtlebot3_msgs/msg/detail/version_info__struct.hpp
[1.117s] -- Up-to-date symlink: /home/u2028576/slam_project/install/turtlebot3_msgs/include/turtlebot3_msgs/turtlebot3_msgs/msg/detail/version_info__traits.hpp
[1.117s] -- Up-to-date symlink: /home/u2028576/slam_project/install/turtlebot3_msgs/include/turtlebot3_msgs/turtlebot3_msgs/msg/sensor_state.hpp
[1.117s] -- Up-to-date symlink: /home/u2028576/slam_project/install/turtlebot3_msgs/include/turtlebot3_msgs/turtlebot3_msgs/msg/sound.hpp
[1.117s] -- Up-to-date symlink: /home/u2028576/slam_project/install/turtlebot3_msgs/include/turtlebot3_msgs/turtlebot3_msgs/msg/version_info.hpp
[1.117s] -- Up-to-date symlink: /home/u2028576/slam_project/install/turtlebot3_msgs/include/turtlebot3_msgs/turtlebot3_msgs/srv/detail/dqn__builder.hpp
[1.117s] -- Up-to-date symlink: /home/u2028576/slam_project/install/turtlebot3_msgs/include/turtlebot3_msgs/turtlebot3_msgs/srv/detail/dqn__struct.hpp
[1.117s] -- Up-to-date symlink: /home/u2028576/slam_project/install/turtlebot3_msgs/include/turtlebot3_msgs/turtlebot3_msgs/srv/detail/dqn__traits.hpp
[1.119s] -- Up-to-date symlink: /home/u2028576/slam_project/install/turtlebot3_msgs/include/turtlebot3_msgs/turtlebot3_msgs/srv/detail/sound__builder.hpp
[1.119s] -- Up-to-date symlink: /home/u2028576/slam_project/install/turtlebot3_msgs/include/turtlebot3_msgs/turtlebot3_msgs/srv/detail/sound__struct.hpp
[1.119s] -- Up-to-date symlink: /home/u2028576/slam_project/install/turtlebot3_msgs/include/turtlebot3_msgs/turtlebot3_msgs/srv/detail/sound__traits.hpp
[1.119s] -- Up-to-date symlink: /home/u2028576/slam_project/install/turtlebot3_msgs/include/turtlebot3_msgs/turtlebot3_msgs/srv/dqn.hpp
[1.119s] -- Up-to-date symlink: /home/u2028576/slam_project/install/turtlebot3_msgs/include/turtlebot3_msgs/turtlebot3_msgs/srv/sound.hpp
[1.119s] -- Up-to-date symlink: /home/u2028576/slam_project/install/turtlebot3_msgs/include/turtlebot3_msgs/turtlebot3_msgs/action/detail/patrol__rosidl_typesupport_fastrtps_cpp.hpp
[1.120s] -- Up-to-date symlink: /home/u2028576/slam_project/install/turtlebot3_msgs/include/turtlebot3_msgs/turtlebot3_msgs/msg/detail/sensor_state__rosidl_typesupport_fastrtps_cpp.hpp
[1.120s] -- Up-to-date symlink: /home/u2028576/slam_project/install/turtlebot3_msgs/include/turtlebot3_msgs/turtlebot3_msgs/msg/detail/sound__rosidl_typesupport_fastrtps_cpp.hpp
[1.121s] -- Up-to-date symlink: /home/u2028576/slam_project/install/turtlebot3_msgs/include/turtlebot3_msgs/turtlebot3_msgs/msg/detail/version_info__rosidl_typesupport_fastrtps_cpp.hpp
[1.121s] -- Up-to-date symlink: /home/u2028576/slam_project/install/turtlebot3_msgs/include/turtlebot3_msgs/turtlebot3_msgs/msg/rosidl_typesupport_fastrtps_cpp__visibility_control.h
[1.121s] -- Up-to-date symlink: /home/u2028576/slam_project/install/turtlebot3_msgs/include/turtlebot3_msgs/turtlebot3_msgs/srv/detail/dqn__rosidl_typesupport_fastrtps_cpp.hpp
[1.122s] -- Up-to-date symlink: /home/u2028576/slam_project/install/turtlebot3_msgs/include/turtlebot3_msgs/turtlebot3_msgs/srv/detail/sound__rosidl_typesupport_fastrtps_cpp.hpp
[1.122s] -- Up-to-date symlink: /home/u2028576/slam_project/install/turtlebot3_msgs/include/turtlebot3_msgs/turtlebot3_msgs/action/detail/patrol__rosidl_typesupport_introspection_c.h
[1.122s] -- Up-to-date symlink: /home/u2028576/slam_project/install/turtlebot3_msgs/include/turtlebot3_msgs/turtlebot3_msgs/msg/detail/sensor_state__rosidl_typesupport_introspection_c.h
[1.123s] -- Up-to-date symlink: /home/u2028576/slam_project/install/turtlebot3_msgs/include/turtlebot3_msgs/turtlebot3_msgs/msg/detail/sound__rosidl_typesupport_introspection_c.h
[1.123s] -- Up-to-date symlink: /home/u2028576/slam_project/install/turtlebot3_msgs/include/turtlebot3_msgs/turtlebot3_msgs/msg/detail/version_info__rosidl_typesupport_introspection_c.h
[1.123s] -- Up-to-date symlink: /home/u2028576/slam_project/install/turtlebot3_msgs/include/turtlebot3_msgs/turtlebot3_msgs/msg/rosidl_typesupport_introspection_c__visibility_control.h
[1.123s] -- Up-to-date symlink: /home/u2028576/slam_project/install/turtlebot3_msgs/include/turtlebot3_msgs/turtlebot3_msgs/srv/detail/dqn__rosidl_typesupport_introspection_c.h
[1.124s] -- Up-to-date symlink: /home/u2028576/slam_project/install/turtlebot3_msgs/include/turtlebot3_msgs/turtlebot3_msgs/srv/detail/sound__rosidl_typesupport_introspection_c.h
[1.124s] -- Up-to-date symlink: /home/u2028576/slam_project/install/turtlebot3_msgs/include/turtlebot3_msgs/turtlebot3_msgs/action/detail/patrol__rosidl_typesupport_introspection_cpp.hpp
[1.125s] -- Up-to-date symlink: /home/u2028576/slam_project/install/turtlebot3_msgs/include/turtlebot3_msgs/turtlebot3_msgs/msg/detail/sensor_state__rosidl_typesupport_introspection_cpp.hpp
[1.125s] -- Up-to-date symlink: /home/u2028576/slam_project/install/turtlebot3_msgs/include/turtlebot3_msgs/turtlebot3_msgs/msg/detail/sound__rosidl_typesupport_introspection_cpp.hpp
[1.125s] -- Up-to-date symlink: /home/u2028576/slam_project/install/turtlebot3_msgs/include/turtlebot3_msgs/turtlebot3_msgs/msg/detail/version_info__rosidl_typesupport_introspection_cpp.hpp
[1.125s] -- Up-to-date symlink: /home/u2028576/slam_project/install/turtlebot3_msgs/include/turtlebot3_msgs/turtlebot3_msgs/srv/detail/dqn__rosidl_typesupport_introspection_cpp.hpp
[1.126s] -- Up-to-date symlink: /home/u2028576/slam_project/install/turtlebot3_msgs/include/turtlebot3_msgs/turtlebot3_msgs/srv/detail/sound__rosidl_typesupport_introspection_cpp.hpp
[1.126s] -- Up-to-date symlink: /home/u2028576/slam_project/install/turtlebot3_msgs/share/turtlebot3_msgs/environment/pythonpath.sh
[1.126s] -- Up-to-date symlink: /home/u2028576/slam_project/install/turtlebot3_msgs/share/turtlebot3_msgs/environment/pythonpath.dsv
[1.127s] -- Up-to-date symlink: /home/u2028576/slam_project/install/turtlebot3_msgs/local/lib/python3.10/dist-packages/turtlebot3_msgs-2.2.3-py3.10.egg-info/PKG-INFO
[1.128s] -- Up-to-date symlink: /home/u2028576/slam_project/install/turtlebot3_msgs/local/lib/python3.10/dist-packages/turtlebot3_msgs-2.2.3-py3.10.egg-info/SOURCES.txt
[1.128s] -- Up-to-date symlink: /home/u2028576/slam_project/install/turtlebot3_msgs/local/lib/python3.10/dist-packages/turtlebot3_msgs-2.2.3-py3.10.egg-info/dependency_links.txt
[1.128s] -- Up-to-date symlink: /home/u2028576/slam_project/install/turtlebot3_msgs/local/lib/python3.10/dist-packages/turtlebot3_msgs-2.2.3-py3.10.egg-info/top_level.txt
[1.129s] -- Up-to-date symlink: /home/u2028576/slam_project/install/turtlebot3_msgs/local/lib/python3.10/dist-packages/turtlebot3_msgs/__init__.py
[1.129s] -- Up-to-date symlink: /home/u2028576/slam_project/install/turtlebot3_msgs/local/lib/python3.10/dist-packages/turtlebot3_msgs/_turtlebot3_msgs_s.ep.rosidl_typesupport_c.c
[1.130s] -- Up-to-date symlink: /home/u2028576/slam_project/install/turtlebot3_msgs/local/lib/python3.10/dist-packages/turtlebot3_msgs/_turtlebot3_msgs_s.ep.rosidl_typesupport_fastrtps_c.c
[1.130s] -- Up-to-date symlink: /home/u2028576/slam_project/install/turtlebot3_msgs/local/lib/python3.10/dist-packages/turtlebot3_msgs/_turtlebot3_msgs_s.ep.rosidl_typesupport_introspection_c.c
[1.130s] -- Up-to-date symlink: /home/u2028576/slam_project/install/turtlebot3_msgs/local/lib/python3.10/dist-packages/turtlebot3_msgs/action/__init__.py
[1.130s] -- Up-to-date symlink: /home/u2028576/slam_project/install/turtlebot3_msgs/local/lib/python3.10/dist-packages/turtlebot3_msgs/action/_patrol.py
[1.130s] -- Up-to-date symlink: /home/u2028576/slam_project/install/turtlebot3_msgs/local/lib/python3.10/dist-packages/turtlebot3_msgs/action/_patrol_s.c
[1.131s] -- Up-to-date symlink: /home/u2028576/slam_project/install/turtlebot3_msgs/local/lib/python3.10/dist-packages/turtlebot3_msgs/libturtlebot3_msgs__rosidl_generator_py.so
[1.131s] -- Up-to-date symlink: /home/u2028576/slam_project/install/turtlebot3_msgs/local/lib/python3.10/dist-packages/turtlebot3_msgs/msg/__init__.py
[1.131s] -- Up-to-date symlink: /home/u2028576/slam_project/install/turtlebot3_msgs/local/lib/python3.10/dist-packages/turtlebot3_msgs/msg/_sensor_state.py
[1.131s] -- Up-to-date symlink: /home/u2028576/slam_project/install/turtlebot3_msgs/local/lib/python3.10/dist-packages/turtlebot3_msgs/msg/_sensor_state_s.c
[1.132s] -- Up-to-date symlink: /home/u2028576/slam_project/install/turtlebot3_msgs/local/lib/python3.10/dist-packages/turtlebot3_msgs/msg/_sound.py
[1.132s] -- Up-to-date symlink: /home/u2028576/slam_project/install/turtlebot3_msgs/local/lib/python3.10/dist-packages/turtlebot3_msgs/msg/_sound_s.c
[1.132s] -- Up-to-date symlink: /home/u2028576/slam_project/install/turtlebot3_msgs/local/lib/python3.10/dist-packages/turtlebot3_msgs/msg/_version_info.py
[1.132s] -- Up-to-date symlink: /home/u2028576/slam_project/install/turtlebot3_msgs/local/lib/python3.10/dist-packages/turtlebot3_msgs/msg/_version_info_s.c
[1.133s] -- Up-to-date symlink: /home/u2028576/slam_project/install/turtlebot3_msgs/local/lib/python3.10/dist-packages/turtlebot3_msgs/srv/__init__.py
[1.133s] -- Up-to-date symlink: /home/u2028576/slam_project/install/turtlebot3_msgs/local/lib/python3.10/dist-packages/turtlebot3_msgs/srv/_dqn.py
[1.133s] -- Up-to-date symlink: /home/u2028576/slam_project/install/turtlebot3_msgs/local/lib/python3.10/dist-packages/turtlebot3_msgs/srv/_dqn_s.c
[1.133s] -- Up-to-date symlink: /home/u2028576/slam_project/install/turtlebot3_msgs/local/lib/python3.10/dist-packages/turtlebot3_msgs/srv/_sound.py
[1.134s] -- Up-to-date symlink: /home/u2028576/slam_project/install/turtlebot3_msgs/local/lib/python3.10/dist-packages/turtlebot3_msgs/srv/_sound_s.c
[1.134s] -- Up-to-date symlink: /home/u2028576/slam_project/install/turtlebot3_msgs/local/lib/python3.10/dist-packages/turtlebot3_msgs/turtlebot3_msgs_s__rosidl_typesupport_c.cpython-310-x86_64-linux-gnu.so
[1.134s] -- Up-to-date symlink: /home/u2028576/slam_project/install/turtlebot3_msgs/local/lib/python3.10/dist-packages/turtlebot3_msgs/turtlebot3_msgs_s__rosidl_typesupport_fastrtps_c.cpython-310-x86_64-linux-gnu.so
[1.134s] -- Up-to-date symlink: /home/u2028576/slam_project/install/turtlebot3_msgs/local/lib/python3.10/dist-packages/turtlebot3_msgs/turtlebot3_msgs_s__rosidl_typesupport_introspection_c.cpython-310-x86_64-linux-gnu.so
[1.135s] -- Up-to-date symlink: /home/u2028576/slam_project/install/turtlebot3_msgs/local/lib/python3.10/dist-packages/turtlebot3_msgs/turtlebot3_msgs_s__rosidl_typesupport_fastrtps_c.cpython-310-x86_64-linux-gnu.so
[1.136s] -- Up-to-date symlink: /home/u2028576/slam_project/install/turtlebot3_msgs/local/lib/python3.10/dist-packages/turtlebot3_msgs/turtlebot3_msgs_s__rosidl_typesupport_introspection_c.cpython-310-x86_64-linux-gnu.so
[1.136s] -- Up-to-date symlink: /home/u2028576/slam_project/install/turtlebot3_msgs/local/lib/python3.10/dist-packages/turtlebot3_msgs/turtlebot3_msgs_s__rosidl_typesupport_c.cpython-310-x86_64-linux-gnu.so
[1.137s] -- Up-to-date symlink: /home/u2028576/slam_project/install/turtlebot3_msgs/share/turtlebot3_msgs/msg/SensorState.idl
[1.138s] -- Up-to-date symlink: /home/u2028576/slam_project/install/turtlebot3_msgs/share/turtlebot3_msgs/msg/Sound.idl
[1.139s] -- Up-to-date symlink: /home/u2028576/slam_project/install/turtlebot3_msgs/share/turtlebot3_msgs/msg/VersionInfo.idl
[1.139s] -- Up-to-date symlink: /home/u2028576/slam_project/install/turtlebot3_msgs/share/turtlebot3_msgs/srv/Sound.idl
[1.139s] -- Up-to-date symlink: /home/u2028576/slam_project/install/turtlebot3_msgs/share/turtlebot3_msgs/srv/Dqn.idl
[1.140s] -- Up-to-date symlink: /home/u2028576/slam_project/install/turtlebot3_msgs/share/turtlebot3_msgs/action/Patrol.idl
[1.140s] -- Up-to-date symlink: /home/u2028576/slam_project/install/turtlebot3_msgs/share/turtlebot3_msgs/msg/SensorState.msg
[1.141s] -- Up-to-date symlink: /home/u2028576/slam_project/install/turtlebot3_msgs/share/turtlebot3_msgs/msg/Sound.msg
[1.141s] -- Up-to-date symlink: /home/u2028576/slam_project/install/turtlebot3_msgs/share/turtlebot3_msgs/msg/VersionInfo.msg
[1.141s] -- Up-to-date symlink: /home/u2028576/slam_project/install/turtlebot3_msgs/share/turtlebot3_msgs/srv/Sound.srv
[1.142s] -- Up-to-date symlink: /home/u2028576/slam_project/install/turtlebot3_msgs/share/turtlebot3_msgs/srv/Sound_Request.msg
[1.142s] -- Up-to-date symlink: /home/u2028576/slam_project/install/turtlebot3_msgs/share/turtlebot3_msgs/srv/Sound_Response.msg
[1.142s] -- Up-to-date symlink: /home/u2028576/slam_project/install/turtlebot3_msgs/share/turtlebot3_msgs/srv/Dqn.srv
[1.143s] -- Up-to-date symlink: /home/u2028576/slam_project/install/turtlebot3_msgs/share/turtlebot3_msgs/srv/Dqn_Request.msg
[1.143s] -- Up-to-date symlink: /home/u2028576/slam_project/install/turtlebot3_msgs/share/turtlebot3_msgs/srv/Dqn_Response.msg
[1.145s] -- Up-to-date symlink: /home/u2028576/slam_project/install/turtlebot3_msgs/share/turtlebot3_msgs/action/Patrol.action
[1.147s] -- Up-to-date symlink: /home/u2028576/slam_project/install/turtlebot3_msgs/share/ament_index/resource_index/package_run_dependencies/turtlebot3_msgs
[1.147s] -- Up-to-date symlink: /home/u2028576/slam_project/install/turtlebot3_msgs/share/ament_index/resource_index/parent_prefix_path/turtlebot3_msgs
[1.148s] -- Up-to-date symlink: /home/u2028576/slam_project/install/turtlebot3_msgs/share/turtlebot3_msgs/environment/ament_prefix_path.sh
[1.148s] -- Up-to-date symlink: /home/u2028576/slam_project/install/turtlebot3_msgs/share/turtlebot3_msgs/environment/ament_prefix_path.dsv
[1.148s] -- Up-to-date symlink: /home/u2028576/slam_project/install/turtlebot3_msgs/share/turtlebot3_msgs/environment/path.sh
[1.149s] -- Up-to-date symlink: /home/u2028576/slam_project/install/turtlebot3_msgs/share/turtlebot3_msgs/environment/path.dsv
[1.149s] -- Up-to-date symlink: /home/u2028576/slam_project/install/turtlebot3_msgs/share/turtlebot3_msgs/local_setup.bash
[1.149s] -- Up-to-date symlink: /home/u2028576/slam_project/install/turtlebot3_msgs/share/turtlebot3_msgs/local_setup.sh
[1.149s] -- Up-to-date symlink: /home/u2028576/slam_project/install/turtlebot3_msgs/share/turtlebot3_msgs/local_setup.zsh
[1.150s] -- Up-to-date symlink: /home/u2028576/slam_project/install/turtlebot3_msgs/share/turtlebot3_msgs/local_setup.dsv
[1.150s] -- Symlinking: /home/u2028576/slam_project/install/turtlebot3_msgs/share/turtlebot3_msgs/package.dsv
[1.161s] -- Up-to-date symlink: /home/u2028576/slam_project/install/turtlebot3_msgs/share/ament_index/resource_index/packages/turtlebot3_msgs
[1.161s] -- Up-to-date symlink: /home/u2028576/slam_project/install/turtlebot3_msgs/share/turtlebot3_msgs/cmake/rosidl_cmake-extras.cmake
[1.161s] -- Up-to-date symlink: /home/u2028576/slam_project/install/turtlebot3_msgs/share/turtlebot3_msgs/cmake/ament_cmake_export_dependencies-extras.cmake
[1.162s] -- Up-to-date symlink: /home/u2028576/slam_project/install/turtlebot3_msgs/share/turtlebot3_msgs/cmake/ament_cmake_export_include_directories-extras.cmake
[1.162s] -- Up-to-date symlink: /home/u2028576/slam_project/install/turtlebot3_msgs/share/turtlebot3_msgs/cmake/ament_cmake_export_libraries-extras.cmake
[1.162s] -- Up-to-date symlink: /home/u2028576/slam_project/install/turtlebot3_msgs/share/turtlebot3_msgs/cmake/ament_cmake_export_targets-extras.cmake
[1.163s] -- Up-to-date symlink: /home/u2028576/slam_project/install/turtlebot3_msgs/share/turtlebot3_msgs/cmake/rosidl_cmake_export_typesupport_targets-extras.cmake
[1.163s] -- Up-to-date symlink: /home/u2028576/slam_project/install/turtlebot3_msgs/share/turtlebot3_msgs/cmake/rosidl_cmake_export_typesupport_libraries-extras.cmake
[1.163s] -- Up-to-date symlink: /home/u2028576/slam_project/install/turtlebot3_msgs/share/turtlebot3_msgs/cmake/turtlebot3_msgsConfig.cmake
[1.163s] -- Up-to-date symlink: /home/u2028576/slam_project/install/turtlebot3_msgs/share/turtlebot3_msgs/cmake/turtlebot3_msgsConfig-version.cmake
[1.164s] -- Up-to-date symlink: /home/u2028576/slam_project/install/turtlebot3_msgs/share/turtlebot3_msgs/package.xml
[1.170s] -- Up-to-date: /home/u2028576/slam_project/install/turtlebot3_msgs/lib/libturtlebot3_msgs__rosidl_generator_c.so
[1.171s] -- Up-to-date: /home/u2028576/slam_project/install/turtlebot3_msgs/lib/libturtlebot3_msgs__rosidl_typesupport_fastrtps_c.so
[1.172s] -- Up-to-date: /home/u2028576/slam_project/install/turtlebot3_msgs/lib/libturtlebot3_msgs__rosidl_typesupport_fastrtps_cpp.so
[1.173s] -- Up-to-date: /home/u2028576/slam_project/install/turtlebot3_msgs/lib/libturtlebot3_msgs__rosidl_typesupport_introspection_c.so
[1.174s] -- Up-to-date: /home/u2028576/slam_project/install/turtlebot3_msgs/lib/libturtlebot3_msgs__rosidl_typesupport_c.so
[1.175s] -- Up-to-date: /home/u2028576/slam_project/install/turtlebot3_msgs/lib/libturtlebot3_msgs__rosidl_typesupport_introspection_cpp.so
[1.176s] -- Up-to-date: /home/u2028576/slam_project/install/turtlebot3_msgs/lib/libturtlebot3_msgs__rosidl_typesupport_cpp.so
[1.214s] Listing '/home/u2028576/slam_project/install/turtlebot3_msgs/local/lib/python3.10/dist-packages/turtlebot3_msgs'...
[1.214s] Listing '/home/u2028576/slam_project/install/turtlebot3_msgs/local/lib/python3.10/dist-packages/turtlebot3_msgs/action'...
[1.214s] Listing '/home/u2028576/slam_project/install/turtlebot3_msgs/local/lib/python3.10/dist-packages/turtlebot3_msgs/msg'...
[1.214s] Listing '/home/u2028576/slam_project/install/turtlebot3_msgs/local/lib/python3.10/dist-packages/turtlebot3_msgs/srv'...
[1.221s] -- Up-to-date: /home/u2028576/slam_project/install/turtlebot3_msgs/lib/libturtlebot3_msgs__rosidl_generator_py.so
[1.221s] -- Up-to-date: /home/u2028576/slam_project/install/turtlebot3_msgs/share/turtlebot3_msgs/cmake/export_turtlebot3_msgs__rosidl_generator_cExport.cmake
[1.222s] -- Up-to-date: /home/u2028576/slam_project/install/turtlebot3_msgs/share/turtlebot3_msgs/cmake/export_turtlebot3_msgs__rosidl_generator_cExport-noconfig.cmake
[1.222s] -- Up-to-date: /home/u2028576/slam_project/install/turtlebot3_msgs/share/turtlebot3_msgs/cmake/export_turtlebot3_msgs__rosidl_typesupport_fastrtps_cExport.cmake
[1.222s] -- Up-to-date: /home/u2028576/slam_project/install/turtlebot3_msgs/share/turtlebot3_msgs/cmake/export_turtlebot3_msgs__rosidl_typesupport_fastrtps_cExport-noconfig.cmake
[1.222s] -- Up-to-date: /home/u2028576/slam_project/install/turtlebot3_msgs/share/turtlebot3_msgs/cmake/export_turtlebot3_msgs__rosidl_generator_cppExport.cmake
[1.223s] -- Up-to-date: /home/u2028576/slam_project/install/turtlebot3_msgs/share/turtlebot3_msgs/cmake/export_turtlebot3_msgs__rosidl_typesupport_fastrtps_cppExport.cmake
[1.223s] -- Up-to-date: /home/u2028576/slam_project/install/turtlebot3_msgs/share/turtlebot3_msgs/cmake/export_turtlebot3_msgs__rosidl_typesupport_fastrtps_cppExport-noconfig.cmake
[1.223s] -- Up-to-date: /home/u2028576/slam_project/install/turtlebot3_msgs/share/turtlebot3_msgs/cmake/turtlebot3_msgs__rosidl_typesupport_introspection_cExport.cmake
[1.224s] -- Up-to-date: /home/u2028576/slam_project/install/turtlebot3_msgs/share/turtlebot3_msgs/cmake/turtlebot3_msgs__rosidl_typesupport_introspection_cExport-noconfig.cmake
[1.224s] -- Up-to-date: /home/u2028576/slam_project/install/turtlebot3_msgs/share/turtlebot3_msgs/cmake/turtlebot3_msgs__rosidl_typesupport_cExport.cmake
[1.224s] -- Up-to-date: /home/u2028576/slam_project/install/turtlebot3_msgs/share/turtlebot3_msgs/cmake/turtlebot3_msgs__rosidl_typesupport_cExport-noconfig.cmake
[1.225s] -- Up-to-date: /home/u2028576/slam_project/install/turtlebot3_msgs/share/turtlebot3_msgs/cmake/turtlebot3_msgs__rosidl_typesupport_introspection_cppExport.cmake
[1.225s] -- Up-to-date: /home/u2028576/slam_project/install/turtlebot3_msgs/share/turtlebot3_msgs/cmake/turtlebot3_msgs__rosidl_typesupport_introspection_cppExport-noconfig.cmake
[1.225s] -- Up-to-date: /home/u2028576/slam_project/install/turtlebot3_msgs/share/turtlebot3_msgs/cmake/turtlebot3_msgs__rosidl_typesupport_cppExport.cmake
[1.225s] -- Up-to-date: /home/u2028576/slam_project/install/turtlebot3_msgs/share/turtlebot3_msgs/cmake/turtlebot3_msgs__rosidl_typesupport_cppExport-noconfig.cmake
[1.226s] -- Up-to-date: /home/u2028576/slam_project/install/turtlebot3_msgs/share/turtlebot3_msgs/cmake/export_turtlebot3_msgs__rosidl_generator_pyExport.cmake
[1.226s] -- Up-to-date: /home/u2028576/slam_project/install/turtlebot3_msgs/share/turtlebot3_msgs/cmake/export_turtlebot3_msgs__rosidl_generator_pyExport-noconfig.cmake
[1.387s] Invoked command in '/home/u2028576/slam_project/build/turtlebot3_msgs' returned '0': CMAKE_PREFIX_PATH=/opt/ros/humble /usr/bin/cmake --install /home/u2028576/slam_project/build/turtlebot3_msgs
