[0.788s] Invoking command in '/home/u2028576/slam_project/build/turtlebot3_example': AMENT_PREFIX_PATH=/home/u2028576/slam_project/install/turtlebot3_msgs:${AMENT_PREFIX_PATH} CMAKE_PREFIX_PATH=/home/u2028576/slam_project/install/turtlebot3_msgs LD_LIBRARY_PATH=/home/u2028576/slam_project/install/turtlebot3_msgs/lib:${LD_LIBRARY_PATH} PYTHONPATH=/home/u2028576/slam_project/build/turtlebot3_example/prefix_override:/home/u2028576/slam_project/install/turtlebot3_example/lib/python3.10/site-packages:/home/u2028576/slam_project/install/turtlebot3_msgs/local/lib/python3.10/dist-packages:${PYTHONPATH} /usr/bin/python3 setup.py develop --uninstall --editable --build-directory /home/u2028576/slam_project/build/turtlebot3_example/build
[1.071s] running develop
[1.397s] Invoked command in '/home/u2028576/slam_project/build/turtlebot3_example' returned '0': AMENT_PREFIX_PATH=/home/u2028576/slam_project/install/turtlebot3_msgs:${AMENT_PREFIX_PATH} CMAKE_PREFIX_PATH=/home/u2028576/slam_project/install/turtlebot3_msgs LD_LIBRARY_PATH=/home/u2028576/slam_project/install/turtlebot3_msgs/lib:${LD_LIBRARY_PATH} PYTHONPATH=/home/u2028576/slam_project/build/turtlebot3_example/prefix_override:/home/u2028576/slam_project/install/turtlebot3_example/lib/python3.10/site-packages:/home/u2028576/slam_project/install/turtlebot3_msgs/local/lib/python3.10/dist-packages:${PYTHONPATH} /usr/bin/python3 setup.py develop --uninstall --editable --build-directory /home/u2028576/slam_project/build/turtlebot3_example/build
[1.397s] Invoking command in '/home/u2028576/slam_project/turtlebot3/turtlebot3/turtlebot3_example': AMENT_PREFIX_PATH=/home/u2028576/slam_project/install/turtlebot3_msgs:${AMENT_PREFIX_PATH} CMAKE_PREFIX_PATH=/home/u2028576/slam_project/install/turtlebot3_msgs LD_LIBRARY_PATH=/home/u2028576/slam_project/install/turtlebot3_msgs/lib:${LD_LIBRARY_PATH} PYTHONPATH=/home/u2028576/slam_project/build/turtlebot3_example/prefix_override:/home/u2028576/slam_project/install/turtlebot3_example/lib/python3.10/site-packages:/home/u2028576/slam_project/install/turtlebot3_msgs/local/lib/python3.10/dist-packages:${PYTHONPATH} /usr/bin/python3 setup.py egg_info --egg-base ../../../build/turtlebot3_example build --build-base /home/u2028576/slam_project/build/turtlebot3_example/build install --record /home/u2028576/slam_project/build/turtlebot3_example/install.log --single-version-externally-managed
[1.647s] running egg_info
[1.648s] writing ../../../build/turtlebot3_example/turtlebot3_example.egg-info/PKG-INFO
[1.648s] writing dependency_links to ../../../build/turtlebot3_example/turtlebot3_example.egg-info/dependency_links.txt
[1.648s] writing entry points to ../../../build/turtlebot3_example/turtlebot3_example.egg-info/entry_points.txt
[1.648s] writing requirements to ../../../build/turtlebot3_example/turtlebot3_example.egg-info/requires.txt
[1.649s] writing top-level names to ../../../build/turtlebot3_example/turtlebot3_example.egg-info/top_level.txt
[1.650s] reading manifest file '../../../build/turtlebot3_example/turtlebot3_example.egg-info/SOURCES.txt'
[1.651s] writing manifest file '../../../build/turtlebot3_example/turtlebot3_example.egg-info/SOURCES.txt'
[1.651s] running build
[1.651s] running build_py
[1.653s] running install
[1.653s] running install_lib
[1.655s] running install_data
[1.655s] running install_egg_info
[1.656s] removing '/home/u2028576/slam_project/install/turtlebot3_example/lib/python3.10/site-packages/turtlebot3_example-2.1.5-py3.10.egg-info' (and everything under it)
[1.657s] Copying ../../../build/turtlebot3_example/turtlebot3_example.egg-info to /home/u2028576/slam_project/install/turtlebot3_example/lib/python3.10/site-packages/turtlebot3_example-2.1.5-py3.10.egg-info
[1.657s] running install_scripts
[1.675s] Installing turtlebot3_obstacle_detection script to /home/u2028576/slam_project/install/turtlebot3_example/lib/turtlebot3_example
[1.675s] Installing turtlebot3_patrol_client script to /home/u2028576/slam_project/install/turtlebot3_example/lib/turtlebot3_example
[1.675s] Installing turtlebot3_patrol_server script to /home/u2028576/slam_project/install/turtlebot3_example/lib/turtlebot3_example
[1.675s] Installing turtlebot3_position_control script to /home/u2028576/slam_project/install/turtlebot3_example/lib/turtlebot3_example
[1.676s] writing list of installed files to '/home/u2028576/slam_project/build/turtlebot3_example/install.log'
[1.707s] Invoked command in '/home/u2028576/slam_project/turtlebot3/turtlebot3/turtlebot3_example' returned '0': AMENT_PREFIX_PATH=/home/u2028576/slam_project/install/turtlebot3_msgs:${AMENT_PREFIX_PATH} CMAKE_PREFIX_PATH=/home/u2028576/slam_project/install/turtlebot3_msgs LD_LIBRARY_PATH=/home/u2028576/slam_project/install/turtlebot3_msgs/lib:${LD_LIBRARY_PATH} PYTHONPATH=/home/u2028576/slam_project/build/turtlebot3_example/prefix_override:/home/u2028576/slam_project/install/turtlebot3_example/lib/python3.10/site-packages:/home/u2028576/slam_project/install/turtlebot3_msgs/local/lib/python3.10/dist-packages:${PYTHONPATH} /usr/bin/python3 setup.py egg_info --egg-base ../../../build/turtlebot3_example build --build-base /home/u2028576/slam_project/build/turtlebot3_example/build install --record /home/u2028576/slam_project/build/turtlebot3_example/install.log --single-version-externally-managed
