[0.825s] Invoking command in '/home/u2028576/slam_project/build/feature_detection_py': PYTHONPATH=/home/u2028576/slam_project/build/feature_detection_py/prefix_override:/home/u2028576/slam_project/install/feature_detection_py/lib/python3.10/site-packages:${PYTHONPATH} /usr/bin/python3 setup.py develop --uninstall --editable --build-directory /home/u2028576/slam_project/build/feature_detection_py/build
[1.086s] running develop
[1.334s] Invoked command in '/home/u2028576/slam_project/build/feature_detection_py' returned '0': PYTHONPATH=/home/u2028576/slam_project/build/feature_detection_py/prefix_override:/home/u2028576/slam_project/install/feature_detection_py/lib/python3.10/site-packages:${PYTHONPATH} /usr/bin/python3 setup.py develop --uninstall --editable --build-directory /home/u2028576/slam_project/build/feature_detection_py/build
[1.334s] Invoking command in '/home/u2028576/slam_project/feature_detection_py': PYTHONPATH=/home/u2028576/slam_project/build/feature_detection_py/prefix_override:/home/u2028576/slam_project/install/feature_detection_py/lib/python3.10/site-packages:${PYTHONPATH} /usr/bin/python3 setup.py egg_info --egg-base ../build/feature_detection_py build --build-base /home/u2028576/slam_project/build/feature_detection_py/build install --record /home/u2028576/slam_project/build/feature_detection_py/install.log --single-version-externally-managed
[1.583s] running egg_info
[1.583s] writing ../build/feature_detection_py/feature_detection_py.egg-info/PKG-INFO
[1.583s] writing dependency_links to ../build/feature_detection_py/feature_detection_py.egg-info/dependency_links.txt
[1.584s] writing entry points to ../build/feature_detection_py/feature_detection_py.egg-info/entry_points.txt
[1.584s] writing requirements to ../build/feature_detection_py/feature_detection_py.egg-info/requires.txt
[1.584s] writing top-level names to ../build/feature_detection_py/feature_detection_py.egg-info/top_level.txt
[1.588s] reading manifest file '../build/feature_detection_py/feature_detection_py.egg-info/SOURCES.txt'
[1.588s] writing manifest file '../build/feature_detection_py/feature_detection_py.egg-info/SOURCES.txt'
[1.588s] running build
[1.588s] running build_py
[1.588s] copying feature_detection_py/LineDetector.py -> /home/u2028576/slam_project/build/feature_detection_py/build/lib/feature_detection_py
[1.588s] running install
[1.589s] running install_lib
[1.589s] copying /home/u2028576/slam_project/build/feature_detection_py/build/lib/feature_detection_py/LineDetector.py -> /home/u2028576/slam_project/install/feature_detection_py/lib/python3.10/site-packages/feature_detection_py
[1.590s] byte-compiling /home/u2028576/slam_project/install/feature_detection_py/lib/python3.10/site-packages/feature_detection_py/LineDetector.py to LineDetector.cpython-310.pyc
[1.591s] running install_data
[1.594s] running install_egg_info
[1.594s] removing '/home/u2028576/slam_project/install/feature_detection_py/lib/python3.10/site-packages/feature_detection_py-0.0.0-py3.10.egg-info' (and everything under it)
[1.594s] Copying ../build/feature_detection_py/feature_detection_py.egg-info to /home/u2028576/slam_project/install/feature_detection_py/lib/python3.10/site-packages/feature_detection_py-0.0.0-py3.10.egg-info
[1.594s] running install_scripts
[1.612s] Installing LineDetector script to /home/u2028576/slam_project/install/feature_detection_py/lib/feature_detection_py
[1.612s] writing list of installed files to '/home/u2028576/slam_project/build/feature_detection_py/install.log'
[1.639s] Invoked command in '/home/u2028576/slam_project/feature_detection_py' returned '0': PYTHONPATH=/home/u2028576/slam_project/build/feature_detection_py/prefix_override:/home/u2028576/slam_project/install/feature_detection_py/lib/python3.10/site-packages:${PYTHONPATH} /usr/bin/python3 setup.py egg_info --egg-base ../build/feature_detection_py build --build-base /home/u2028576/slam_project/build/feature_detection_py/build install --record /home/u2028576/slam_project/build/feature_detection_py/install.log --single-version-externally-managed
