[0.026s] Invoking command in '/home/u2028576/slam_project/build/dynamixel_sdk_examples': AMENT_PREFIX_PATH=/home/u2028576/slam_project/install/dynamixel_sdk_custom_interfaces:/home/u2028576/slam_project/install/dynamixel_sdk:${AMENT_PREFIX_PATH} CMAKE_PREFIX_PATH=/home/u2028576/slam_project/install/dynamixel_sdk_custom_interfaces:/home/u2028576/slam_project/install/dynamixel_sdk:/opt/ros/humble LD_LIBRARY_PATH=/home/u2028576/slam_project/install/dynamixel_sdk_custom_interfaces/lib:/home/u2028576/slam_project/install/dynamixel_sdk/lib:${LD_LIBRARY_PATH} PYTHONPATH=/home/u2028576/slam_project/install/dynamixel_sdk_custom_interfaces/local/lib/python3.10/dist-packages:${PYTHONPATH} /usr/bin/cmake --build /home/u2028576/slam_project/build/dynamixel_sdk_examples -- -j6 -l6
[0.118s] [100%] Built target read_write_node
[0.147s] Invoked command in '/home/u2028576/slam_project/build/dynamixel_sdk_examples' returned '0': AMENT_PREFIX_PATH=/home/u2028576/slam_project/install/dynamixel_sdk_custom_interfaces:/home/u2028576/slam_project/install/dynamixel_sdk:${AMENT_PREFIX_PATH} CMAKE_PREFIX_PATH=/home/u2028576/slam_project/install/dynamixel_sdk_custom_interfaces:/home/u2028576/slam_project/install/dynamixel_sdk:/opt/ros/humble LD_LIBRARY_PATH=/home/u2028576/slam_project/install/dynamixel_sdk_custom_interfaces/lib:/home/u2028576/slam_project/install/dynamixel_sdk/lib:${LD_LIBRARY_PATH} PYTHONPATH=/home/u2028576/slam_project/install/dynamixel_sdk_custom_interfaces/local/lib/python3.10/dist-packages:${PYTHONPATH} /usr/bin/cmake --build /home/u2028576/slam_project/build/dynamixel_sdk_examples -- -j6 -l6
[0.299s] Invoking command in '/home/u2028576/slam_project/build/dynamixel_sdk_examples': AMENT_PREFIX_PATH=/home/u2028576/slam_project/install/dynamixel_sdk_custom_interfaces:/home/u2028576/slam_project/install/dynamixel_sdk:${AMENT_PREFIX_PATH} CMAKE_PREFIX_PATH=/home/u2028576/slam_project/install/dynamixel_sdk_custom_interfaces:/home/u2028576/slam_project/install/dynamixel_sdk:/opt/ros/humble LD_LIBRARY_PATH=/home/u2028576/slam_project/install/dynamixel_sdk_custom_interfaces/lib:/home/u2028576/slam_project/install/dynamixel_sdk/lib:${LD_LIBRARY_PATH} PYTHONPATH=/home/u2028576/slam_project/install/dynamixel_sdk_custom_interfaces/local/lib/python3.10/dist-packages:${PYTHONPATH} /usr/bin/cmake --install /home/u2028576/slam_project/build/dynamixel_sdk_examples
[0.308s] -- Install configuration: ""
[0.308s] -- Execute custom install script
[0.308s] -- Up-to-date symlink: /home/u2028576/slam_project/install/dynamixel_sdk_examples/lib/dynamixel_sdk_examples/read_write_node
[0.308s] -- Up-to-date symlink: /home/u2028576/slam_project/install/dynamixel_sdk_examples/share/ament_index/resource_index/package_run_dependencies/dynamixel_sdk_examples
[0.308s] -- Up-to-date symlink: /home/u2028576/slam_project/install/dynamixel_sdk_examples/share/ament_index/resource_index/parent_prefix_path/dynamixel_sdk_examples
[0.308s] -- Up-to-date symlink: /home/u2028576/slam_project/install/dynamixel_sdk_examples/share/dynamixel_sdk_examples/environment/ament_prefix_path.sh
[0.309s] -- Up-to-date symlink: /home/u2028576/slam_project/install/dynamixel_sdk_examples/share/dynamixel_sdk_examples/environment/ament_prefix_path.dsv
[0.309s] -- Up-to-date symlink: /home/u2028576/slam_project/install/dynamixel_sdk_examples/share/dynamixel_sdk_examples/environment/path.sh
[0.325s] -- Up-to-date symlink: /home/u2028576/slam_project/install/dynamixel_sdk_examples/share/dynamixel_sdk_examples/environment/path.dsv
[0.325s] -- Up-to-date symlink: /home/u2028576/slam_project/install/dynamixel_sdk_examples/share/dynamixel_sdk_examples/local_setup.bash
[0.326s] -- Up-to-date symlink: /home/u2028576/slam_project/install/dynamixel_sdk_examples/share/dynamixel_sdk_examples/local_setup.sh
[0.326s] -- Up-to-date symlink: /home/u2028576/slam_project/install/dynamixel_sdk_examples/share/dynamixel_sdk_examples/local_setup.zsh
[0.326s] -- Up-to-date symlink: /home/u2028576/slam_project/install/dynamixel_sdk_examples/share/dynamixel_sdk_examples/local_setup.dsv
[0.326s] -- Symlinking: /home/u2028576/slam_project/install/dynamixel_sdk_examples/share/dynamixel_sdk_examples/package.dsv
[0.337s] -- Up-to-date symlink: /home/u2028576/slam_project/install/dynamixel_sdk_examples/share/ament_index/resource_index/packages/dynamixel_sdk_examples
[0.338s] -- Up-to-date symlink: /home/u2028576/slam_project/install/dynamixel_sdk_examples/share/dynamixel_sdk_examples/cmake/dynamixel_sdk_examplesConfig.cmake
[0.338s] -- Up-to-date symlink: /home/u2028576/slam_project/install/dynamixel_sdk_examples/share/dynamixel_sdk_examples/cmake/dynamixel_sdk_examplesConfig-version.cmake
[0.348s] -- Up-to-date symlink: /home/u2028576/slam_project/install/dynamixel_sdk_examples/share/dynamixel_sdk_examples/package.xml
[0.349s] Invoked command in '/home/u2028576/slam_project/build/dynamixel_sdk_examples' returned '0': AMENT_PREFIX_PATH=/home/u2028576/slam_project/install/dynamixel_sdk_custom_interfaces:/home/u2028576/slam_project/install/dynamixel_sdk:${AMENT_PREFIX_PATH} CMAKE_PREFIX_PATH=/home/u2028576/slam_project/install/dynamixel_sdk_custom_interfaces:/home/u2028576/slam_project/install/dynamixel_sdk:/opt/ros/humble LD_LIBRARY_PATH=/home/u2028576/slam_project/install/dynamixel_sdk_custom_interfaces/lib:/home/u2028576/slam_project/install/dynamixel_sdk/lib:${LD_LIBRARY_PATH} PYTHONPATH=/home/u2028576/slam_project/install/dynamixel_sdk_custom_interfaces/local/lib/python3.10/dist-packages:${PYTHONPATH} /usr/bin/cmake --install /home/u2028576/slam_project/build/dynamixel_sdk_examples
