[0.017s] Invoking command in '/home/u2028576/slam_project/build/ld08_driver': CMAKE_PREFIX_PATH=/opt/ros/humble /usr/bin/cmake --build /home/u2028576/slam_project/build/ld08_driver -- -j6 -l6
[0.140s] [100%] Built target ld08_driver
[0.154s] Invoked command in '/home/u2028576/slam_project/build/ld08_driver' returned '0': CMAKE_PREFIX_PATH=/opt/ros/humble /usr/bin/cmake --build /home/u2028576/slam_project/build/ld08_driver -- -j6 -l6
[0.270s] Invoking command in '/home/u2028576/slam_project/build/ld08_driver': CMAKE_PREFIX_PATH=/opt/ros/humble /usr/bin/cmake --install /home/u2028576/slam_project/build/ld08_driver
[0.283s] -- Install configuration: ""
[0.283s] -- Execute custom install script
[0.283s] -- Up-to-date symlink: /home/u2028576/slam_project/install/ld08_driver/share/ld08_driver/launch/ld08.launch.py
[0.283s] -- Up-to-date symlink: /home/u2028576/slam_project/install/ld08_driver/lib/ld08_driver/ld08_driver
[0.283s] -- Up-to-date symlink: /home/u2028576/slam_project/install/ld08_driver/share/ament_index/resource_index/package_run_dependencies/ld08_driver
[0.283s] -- Up-to-date symlink: /home/u2028576/slam_project/install/ld08_driver/share/ament_index/resource_index/parent_prefix_path/ld08_driver
[0.283s] -- Up-to-date symlink: /home/u2028576/slam_project/install/ld08_driver/share/ld08_driver/environment/ament_prefix_path.sh
[0.283s] -- Up-to-date symlink: /home/u2028576/slam_project/install/ld08_driver/share/ld08_driver/environment/ament_prefix_path.dsv
[0.283s] -- Up-to-date symlink: /home/u2028576/slam_project/install/ld08_driver/share/ld08_driver/environment/path.sh
[0.284s] -- Up-to-date symlink: /home/u2028576/slam_project/install/ld08_driver/share/ld08_driver/environment/path.dsv
[0.284s] -- Up-to-date symlink: /home/u2028576/slam_project/install/ld08_driver/share/ld08_driver/local_setup.bash
[0.284s] -- Up-to-date symlink: /home/u2028576/slam_project/install/ld08_driver/share/ld08_driver/local_setup.sh
[0.284s] -- Up-to-date symlink: /home/u2028576/slam_project/install/ld08_driver/share/ld08_driver/local_setup.zsh
[0.284s] -- Up-to-date symlink: /home/u2028576/slam_project/install/ld08_driver/share/ld08_driver/local_setup.dsv
[0.284s] -- Symlinking: /home/u2028576/slam_project/install/ld08_driver/share/ld08_driver/package.dsv
[0.298s] -- Up-to-date symlink: /home/u2028576/slam_project/install/ld08_driver/share/ament_index/resource_index/packages/ld08_driver
[0.299s] -- Up-to-date symlink: /home/u2028576/slam_project/install/ld08_driver/share/ld08_driver/cmake/ament_cmake_export_dependencies-extras.cmake
[0.299s] -- Up-to-date symlink: /home/u2028576/slam_project/install/ld08_driver/share/ld08_driver/cmake/ament_cmake_export_include_directories-extras.cmake
[0.300s] -- Up-to-date symlink: /home/u2028576/slam_project/install/ld08_driver/share/ld08_driver/cmake/ld08_driverConfig.cmake
[0.301s] -- Up-to-date symlink: /home/u2028576/slam_project/install/ld08_driver/share/ld08_driver/cmake/ld08_driverConfig-version.cmake
[0.301s] -- Up-to-date symlink: /home/u2028576/slam_project/install/ld08_driver/share/ld08_driver/package.xml
[0.309s] Invoked command in '/home/u2028576/slam_project/build/ld08_driver' returned '0': CMAKE_PREFIX_PATH=/opt/ros/humble /usr/bin/cmake --install /home/u2028576/slam_project/build/ld08_driver
