[0.066s] Invoking command in '/home/u2028576/slam_project/build/turtlebot3_cartographer': CMAKE_PREFIX_PATH=${CMAKE_PREFIX_PATH}:/home/u2028576/slam_project/install/turtlebot3_teleop:/home/u2028576/slam_project/install/turtlebot3_example:/home/u2028576/slam_project/install/movement:/home/u2028576/slam_project/install/feature_detection_py:/home/u2028576/slam_project/install/Path_Planner:/home/u2028576/slam_project/install/Extended_Kalman_Filter:/opt/ros/humble /usr/bin/cmake --build /home/u2028576/slam_project/build/turtlebot3_cartographer -- -j6 -l6
[0.142s] Invoked command in '/home/u2028576/slam_project/build/turtlebot3_cartographer' returned '0': CMAKE_PREFIX_PATH=${CMAKE_PREFIX_PATH}:/home/u2028576/slam_project/install/turtlebot3_teleop:/home/u2028576/slam_project/install/turtlebot3_example:/home/u2028576/slam_project/install/movement:/home/u2028576/slam_project/install/feature_detection_py:/home/u2028576/slam_project/install/Path_Planner:/home/u2028576/slam_project/install/Extended_Kalman_Filter:/opt/ros/humble /usr/bin/cmake --build /home/u2028576/slam_project/build/turtlebot3_cartographer -- -j6 -l6
[0.202s] Invoking command in '/home/u2028576/slam_project/build/turtlebot3_cartographer': CMAKE_PREFIX_PATH=${CMAKE_PREFIX_PATH}:/home/u2028576/slam_project/install/turtlebot3_teleop:/home/u2028576/slam_project/install/turtlebot3_example:/home/u2028576/slam_project/install/movement:/home/u2028576/slam_project/install/feature_detection_py:/home/u2028576/slam_project/install/Path_Planner:/home/u2028576/slam_project/install/Extended_Kalman_Filter:/opt/ros/humble /usr/bin/cmake --install /home/u2028576/slam_project/build/turtlebot3_cartographer
[0.219s] -- Install configuration: ""
[0.219s] -- Execute custom install script
[0.219s] -- Up-to-date symlink: /home/u2028576/slam_project/install/turtlebot3_cartographer/share/turtlebot3_cartographer/config/turtlebot3_lds_2d.lua
[0.219s] -- Up-to-date symlink: /home/u2028576/slam_project/install/turtlebot3_cartographer/share/turtlebot3_cartographer/launch/cartographer.launch.py
[0.219s] -- Up-to-date symlink: /home/u2028576/slam_project/install/turtlebot3_cartographer/share/turtlebot3_cartographer/launch/occupancy_grid.launch.py
[0.219s] -- Up-to-date symlink: /home/u2028576/slam_project/install/turtlebot3_cartographer/share/turtlebot3_cartographer/rviz/tb3_cartographer.rviz
[0.220s] -- Up-to-date symlink: /home/u2028576/slam_project/install/turtlebot3_cartographer/share/ament_index/resource_index/package_run_dependencies/turtlebot3_cartographer
[0.220s] -- Up-to-date symlink: /home/u2028576/slam_project/install/turtlebot3_cartographer/share/ament_index/resource_index/parent_prefix_path/turtlebot3_cartographer
[0.220s] -- Up-to-date symlink: /home/u2028576/slam_project/install/turtlebot3_cartographer/share/turtlebot3_cartographer/environment/ament_prefix_path.sh
[0.220s] -- Up-to-date symlink: /home/u2028576/slam_project/install/turtlebot3_cartographer/share/turtlebot3_cartographer/environment/ament_prefix_path.dsv
[0.225s] -- Up-to-date symlink: /home/u2028576/slam_project/install/turtlebot3_cartographer/share/turtlebot3_cartographer/environment/path.sh
[0.225s] -- Up-to-date symlink: /home/u2028576/slam_project/install/turtlebot3_cartographer/share/turtlebot3_cartographer/environment/path.dsv
[0.226s] -- Up-to-date symlink: /home/u2028576/slam_project/install/turtlebot3_cartographer/share/turtlebot3_cartographer/local_setup.bash
[0.226s] -- Up-to-date symlink: /home/u2028576/slam_project/install/turtlebot3_cartographer/share/turtlebot3_cartographer/local_setup.sh
[0.226s] -- Up-to-date symlink: /home/u2028576/slam_project/install/turtlebot3_cartographer/share/turtlebot3_cartographer/local_setup.zsh
[0.226s] -- Up-to-date symlink: /home/u2028576/slam_project/install/turtlebot3_cartographer/share/turtlebot3_cartographer/local_setup.dsv
[0.226s] -- Symlinking: /home/u2028576/slam_project/install/turtlebot3_cartographer/share/turtlebot3_cartographer/package.dsv
[0.237s] -- Up-to-date symlink: /home/u2028576/slam_project/install/turtlebot3_cartographer/share/ament_index/resource_index/packages/turtlebot3_cartographer
[0.237s] -- Up-to-date symlink: /home/u2028576/slam_project/install/turtlebot3_cartographer/share/turtlebot3_cartographer/cmake/turtlebot3_cartographerConfig.cmake
[0.237s] -- Up-to-date symlink: /home/u2028576/slam_project/install/turtlebot3_cartographer/share/turtlebot3_cartographer/cmake/turtlebot3_cartographerConfig-version.cmake
[0.237s] -- Up-to-date symlink: /home/u2028576/slam_project/install/turtlebot3_cartographer/share/turtlebot3_cartographer/package.xml
[0.288s] Invoked command in '/home/u2028576/slam_project/build/turtlebot3_cartographer' returned '0': CMAKE_PREFIX_PATH=${CMAKE_PREFIX_PATH}:/home/u2028576/slam_project/install/turtlebot3_teleop:/home/u2028576/slam_project/install/turtlebot3_example:/home/u2028576/slam_project/install/movement:/home/u2028576/slam_project/install/feature_detection_py:/home/u2028576/slam_project/install/Path_Planner:/home/u2028576/slam_project/install/Extended_Kalman_Filter:/opt/ros/humble /usr/bin/cmake --install /home/u2028576/slam_project/build/turtlebot3_cartographer
