[0.048s] Invoking command in '/home/u2028576/slam_project/build/turtlebot3_navigation2': CMAKE_PREFIX_PATH=${CMAKE_PREFIX_PATH}:/home/u2028576/slam_project/install/turtlebot3_teleop:/home/u2028576/slam_project/install/turtlebot3_example:/home/u2028576/slam_project/install/feature_detection_py:/opt/ros/humble /usr/bin/cmake --build /home/u2028576/slam_project/build/turtlebot3_navigation2 -- -j6 -l6
[0.371s] Invoked command in '/home/u2028576/slam_project/build/turtlebot3_navigation2' returned '0': CMAKE_PREFIX_PATH=${CMAKE_PREFIX_PATH}:/home/u2028576/slam_project/install/turtlebot3_teleop:/home/u2028576/slam_project/install/turtlebot3_example:/home/u2028576/slam_project/install/feature_detection_py:/opt/ros/humble /usr/bin/cmake --build /home/u2028576/slam_project/build/turtlebot3_navigation2 -- -j6 -l6
[0.411s] Invoking command in '/home/u2028576/slam_project/build/turtlebot3_navigation2': CMAKE_PREFIX_PATH=${CMAKE_PREFIX_PATH}:/home/u2028576/slam_project/install/turtlebot3_teleop:/home/u2028576/slam_project/install/turtlebot3_example:/home/u2028576/slam_project/install/feature_detection_py:/opt/ros/humble /usr/bin/cmake --install /home/u2028576/slam_project/build/turtlebot3_navigation2
[0.415s] -- Install configuration: ""
[0.419s] -- Execute custom install script
[0.419s] -- Up-to-date symlink: /home/u2028576/slam_project/install/turtlebot3_navigation2/share/turtlebot3_navigation2/launch/navigation2.launch.py
[0.419s] -- Up-to-date symlink: /home/u2028576/slam_project/install/turtlebot3_navigation2/share/turtlebot3_navigation2/map/map.pgm
[0.419s] -- Up-to-date symlink: /home/u2028576/slam_project/install/turtlebot3_navigation2/share/turtlebot3_navigation2/map/map.yaml
[0.419s] -- Up-to-date symlink: /home/u2028576/slam_project/install/turtlebot3_navigation2/share/turtlebot3_navigation2/param/burger.yaml
[0.420s] -- Up-to-date symlink: /home/u2028576/slam_project/install/turtlebot3_navigation2/share/turtlebot3_navigation2/param/waffle.yaml
[0.420s] -- Up-to-date symlink: /home/u2028576/slam_project/install/turtlebot3_navigation2/share/turtlebot3_navigation2/param/waffle_pi.yaml
[0.420s] -- Up-to-date symlink: /home/u2028576/slam_project/install/turtlebot3_navigation2/share/turtlebot3_navigation2/rviz/tb3_navigation2.rviz
[0.420s] -- Up-to-date symlink: /home/u2028576/slam_project/install/turtlebot3_navigation2/share/ament_index/resource_index/package_run_dependencies/turtlebot3_navigation2
[0.420s] -- Up-to-date symlink: /home/u2028576/slam_project/install/turtlebot3_navigation2/share/ament_index/resource_index/parent_prefix_path/turtlebot3_navigation2
[0.420s] -- Up-to-date symlink: /home/u2028576/slam_project/install/turtlebot3_navigation2/share/turtlebot3_navigation2/environment/ament_prefix_path.sh
[0.420s] -- Up-to-date symlink: /home/u2028576/slam_project/install/turtlebot3_navigation2/share/turtlebot3_navigation2/environment/ament_prefix_path.dsv
[0.420s] -- Up-to-date symlink: /home/u2028576/slam_project/install/turtlebot3_navigation2/share/turtlebot3_navigation2/environment/path.sh
[0.420s] -- Up-to-date symlink: /home/u2028576/slam_project/install/turtlebot3_navigation2/share/turtlebot3_navigation2/environment/path.dsv
[0.420s] -- Up-to-date symlink: /home/u2028576/slam_project/install/turtlebot3_navigation2/share/turtlebot3_navigation2/local_setup.bash
[0.420s] -- Up-to-date symlink: /home/u2028576/slam_project/install/turtlebot3_navigation2/share/turtlebot3_navigation2/local_setup.sh
[0.420s] -- Up-to-date symlink: /home/u2028576/slam_project/install/turtlebot3_navigation2/share/turtlebot3_navigation2/local_setup.zsh
[0.420s] -- Up-to-date symlink: /home/u2028576/slam_project/install/turtlebot3_navigation2/share/turtlebot3_navigation2/local_setup.dsv
[0.420s] -- Symlinking: /home/u2028576/slam_project/install/turtlebot3_navigation2/share/turtlebot3_navigation2/package.dsv
[0.434s] -- Up-to-date symlink: /home/u2028576/slam_project/install/turtlebot3_navigation2/share/ament_index/resource_index/packages/turtlebot3_navigation2
[0.434s] -- Up-to-date symlink: /home/u2028576/slam_project/install/turtlebot3_navigation2/share/turtlebot3_navigation2/cmake/turtlebot3_navigation2Config.cmake
[0.434s] -- Up-to-date symlink: /home/u2028576/slam_project/install/turtlebot3_navigation2/share/turtlebot3_navigation2/cmake/turtlebot3_navigation2Config-version.cmake
[0.434s] -- Up-to-date symlink: /home/u2028576/slam_project/install/turtlebot3_navigation2/share/turtlebot3_navigation2/package.xml
[0.441s] Invoked command in '/home/u2028576/slam_project/build/turtlebot3_navigation2' returned '0': CMAKE_PREFIX_PATH=${CMAKE_PREFIX_PATH}:/home/u2028576/slam_project/install/turtlebot3_teleop:/home/u2028576/slam_project/install/turtlebot3_example:/home/u2028576/slam_project/install/feature_detection_py:/opt/ros/humble /usr/bin/cmake --install /home/u2028576/slam_project/build/turtlebot3_navigation2
