[0.751s] Invoking command in '/home/u2028576/slam_project/build/feature_detection_py': PYTHONPATH=/home/u2028576/slam_project/build/feature_detection_py/prefix_override:/home/u2028576/slam_project/install/feature_detection_py/lib/python3.10/site-packages:${PYTHONPATH} /usr/bin/python3 setup.py develop --uninstall --editable --build-directory /home/u2028576/slam_project/build/feature_detection_py/build
[1.158s] running develop
[1.429s] Invoked command in '/home/u2028576/slam_project/build/feature_detection_py' returned '0': PYTHONPATH=/home/u2028576/slam_project/build/feature_detection_py/prefix_override:/home/u2028576/slam_project/install/feature_detection_py/lib/python3.10/site-packages:${PYTHONPATH} /usr/bin/python3 setup.py develop --uninstall --editable --build-directory /home/u2028576/slam_project/build/feature_detection_py/build
[1.430s] Invoking command in '/home/u2028576/slam_project/feature_detection_py': PYTHONPATH=/home/u2028576/slam_project/build/feature_detection_py/prefix_override:/home/u2028576/slam_project/install/feature_detection_py/lib/python3.10/site-packages:${PYTHONPATH} /usr/bin/python3 setup.py egg_info --egg-base ../build/feature_detection_py build --build-base /home/u2028576/slam_project/build/feature_detection_py/build install --record /home/u2028576/slam_project/build/feature_detection_py/install.log --single-version-externally-managed
[1.776s] running egg_info
[1.777s] writing ../build/feature_detection_py/feature_detection_py.egg-info/PKG-INFO
[1.777s] writing dependency_links to ../build/feature_detection_py/feature_detection_py.egg-info/dependency_links.txt
[1.777s] writing entry points to ../build/feature_detection_py/feature_detection_py.egg-info/entry_points.txt
[1.778s] writing requirements to ../build/feature_detection_py/feature_detection_py.egg-info/requires.txt
[1.778s] writing top-level names to ../build/feature_detection_py/feature_detection_py.egg-info/top_level.txt
[1.783s] reading manifest file '../build/feature_detection_py/feature_detection_py.egg-info/SOURCES.txt'
[1.784s] writing manifest file '../build/feature_detection_py/feature_detection_py.egg-info/SOURCES.txt'
[1.784s] running build
[1.784s] running build_py
[1.784s] copying feature_detection_py/LineDetector.py -> /home/u2028576/slam_project/build/feature_detection_py/build/lib/feature_detection_py
[1.784s] running install
[1.788s] running install_lib
[1.789s] copying /home/u2028576/slam_project/build/feature_detection_py/build/lib/feature_detection_py/LineDetector.py -> /home/u2028576/slam_project/install/feature_detection_py/lib/python3.10/site-packages/feature_detection_py
[1.789s] byte-compiling /home/u2028576/slam_project/install/feature_detection_py/lib/python3.10/site-packages/feature_detection_py/LineDetector.py to LineDetector.cpython-310.pyc
[1.791s] running install_data
[1.791s] running install_egg_info
[1.792s] removing '/home/u2028576/slam_project/install/feature_detection_py/lib/python3.10/site-packages/feature_detection_py-0.0.0-py3.10.egg-info' (and everything under it)
[1.793s] Copying ../build/feature_detection_py/feature_detection_py.egg-info to /home/u2028576/slam_project/install/feature_detection_py/lib/python3.10/site-packages/feature_detection_py-0.0.0-py3.10.egg-info
[1.794s] running install_scripts
[1.820s] Installing LineDetector script to /home/u2028576/slam_project/install/feature_detection_py/lib/feature_detection_py
[1.820s] writing list of installed files to '/home/u2028576/slam_project/build/feature_detection_py/install.log'
[1.860s] Invoked command in '/home/u2028576/slam_project/feature_detection_py' returned '0': PYTHONPATH=/home/u2028576/slam_project/build/feature_detection_py/prefix_override:/home/u2028576/slam_project/install/feature_detection_py/lib/python3.10/site-packages:${PYTHONPATH} /usr/bin/python3 setup.py egg_info --egg-base ../build/feature_detection_py build --build-base /home/u2028576/slam_project/build/feature_detection_py/build install --record /home/u2028576/slam_project/build/feature_detection_py/install.log --single-version-externally-managed
