[0.043s] Invoking command in '/home/u2028576/slam_project/build/turtlebot3_bringup': AMENT_PREFIX_PATH=/home/u2028576/slam_project/install/turtlebot3_node:/home/u2028576/slam_project/install/turtlebot3_msgs:/home/u2028576/slam_project/install/turtlebot3_description:/home/u2028576/slam_project/install/hls_lfcd_lds_driver:/home/u2028576/slam_project/install/dynamixel_sdk:${AMENT_PREFIX_PATH} CMAKE_PREFIX_PATH=/home/u2028576/slam_project/install/turtlebot3_node:/home/u2028576/slam_project/install/turtlebot3_msgs:/home/u2028576/slam_project/install/turtlebot3_description:/home/u2028576/slam_project/install/hls_lfcd_lds_driver:/home/u2028576/slam_project/install/dynamixel_sdk:/opt/ros/humble LD_LIBRARY_PATH=/home/u2028576/slam_project/install/turtlebot3_msgs/lib:/home/u2028576/slam_project/install/dynamixel_sdk/lib:${LD_LIBRARY_PATH} PYTHONPATH=/home/u2028576/slam_project/install/turtlebot3_msgs/local/lib/python3.10/dist-packages:${PYTHONPATH} /usr/bin/cmake --build /home/u2028576/slam_project/build/turtlebot3_bringup -- -j6 -l6
[0.133s] Invoked command in '/home/u2028576/slam_project/build/turtlebot3_bringup' returned '0': AMENT_PREFIX_PATH=/home/u2028576/slam_project/install/turtlebot3_node:/home/u2028576/slam_project/install/turtlebot3_msgs:/home/u2028576/slam_project/install/turtlebot3_description:/home/u2028576/slam_project/install/hls_lfcd_lds_driver:/home/u2028576/slam_project/install/dynamixel_sdk:${AMENT_PREFIX_PATH} CMAKE_PREFIX_PATH=/home/u2028576/slam_project/install/turtlebot3_node:/home/u2028576/slam_project/install/turtlebot3_msgs:/home/u2028576/slam_project/install/turtlebot3_description:/home/u2028576/slam_project/install/hls_lfcd_lds_driver:/home/u2028576/slam_project/install/dynamixel_sdk:/opt/ros/humble LD_LIBRARY_PATH=/home/u2028576/slam_project/install/turtlebot3_msgs/lib:/home/u2028576/slam_project/install/dynamixel_sdk/lib:${LD_LIBRARY_PATH} PYTHONPATH=/home/u2028576/slam_project/install/turtlebot3_msgs/local/lib/python3.10/dist-packages:${PYTHONPATH} /usr/bin/cmake --build /home/u2028576/slam_project/build/turtlebot3_bringup -- -j6 -l6
[0.200s] Invoking command in '/home/u2028576/slam_project/build/turtlebot3_bringup': AMENT_PREFIX_PATH=/home/u2028576/slam_project/install/turtlebot3_node:/home/u2028576/slam_project/install/turtlebot3_msgs:/home/u2028576/slam_project/install/turtlebot3_description:/home/u2028576/slam_project/install/hls_lfcd_lds_driver:/home/u2028576/slam_project/install/dynamixel_sdk:${AMENT_PREFIX_PATH} CMAKE_PREFIX_PATH=/home/u2028576/slam_project/install/turtlebot3_node:/home/u2028576/slam_project/install/turtlebot3_msgs:/home/u2028576/slam_project/install/turtlebot3_description:/home/u2028576/slam_project/install/hls_lfcd_lds_driver:/home/u2028576/slam_project/install/dynamixel_sdk:/opt/ros/humble LD_LIBRARY_PATH=/home/u2028576/slam_project/install/turtlebot3_msgs/lib:/home/u2028576/slam_project/install/dynamixel_sdk/lib:${LD_LIBRARY_PATH} PYTHONPATH=/home/u2028576/slam_project/install/turtlebot3_msgs/local/lib/python3.10/dist-packages:${PYTHONPATH} /usr/bin/cmake --install /home/u2028576/slam_project/build/turtlebot3_bringup
[0.205s] -- Install configuration: ""
[0.206s] -- Execute custom install script
[0.206s] -- Up-to-date symlink: /home/u2028576/slam_project/install/turtlebot3_bringup/share/turtlebot3_bringup/launch/robot.launch.py
[0.206s] -- Up-to-date symlink: /home/u2028576/slam_project/install/turtlebot3_bringup/share/turtlebot3_bringup/launch/rviz2.launch.py
[0.206s] -- Up-to-date symlink: /home/u2028576/slam_project/install/turtlebot3_bringup/share/turtlebot3_bringup/launch/turtlebot3_state_publisher.launch.py
[0.207s] -- Up-to-date symlink: /home/u2028576/slam_project/install/turtlebot3_bringup/share/turtlebot3_bringup/param/burger.yaml
[0.207s] -- Up-to-date symlink: /home/u2028576/slam_project/install/turtlebot3_bringup/share/turtlebot3_bringup/param/waffle.yaml
[0.207s] -- Up-to-date symlink: /home/u2028576/slam_project/install/turtlebot3_bringup/share/turtlebot3_bringup/param/waffle_pi.yaml
[0.207s] -- Up-to-date symlink: /home/u2028576/slam_project/install/turtlebot3_bringup/share/turtlebot3_bringup/script/99-turtlebot3-cdc.rules
[0.207s] -- Up-to-date symlink: /home/u2028576/slam_project/install/turtlebot3_bringup/share/turtlebot3_bringup/script/create_udev_rules
[0.207s] -- Up-to-date symlink: /home/u2028576/slam_project/install/turtlebot3_bringup/share/ament_index/resource_index/package_run_dependencies/turtlebot3_bringup
[0.207s] -- Up-to-date symlink: /home/u2028576/slam_project/install/turtlebot3_bringup/share/ament_index/resource_index/parent_prefix_path/turtlebot3_bringup
[0.208s] -- Up-to-date symlink: /home/u2028576/slam_project/install/turtlebot3_bringup/share/turtlebot3_bringup/environment/ament_prefix_path.sh
[0.208s] -- Up-to-date symlink: /home/u2028576/slam_project/install/turtlebot3_bringup/share/turtlebot3_bringup/environment/ament_prefix_path.dsv
[0.208s] -- Up-to-date symlink: /home/u2028576/slam_project/install/turtlebot3_bringup/share/turtlebot3_bringup/environment/path.sh
[0.208s] -- Up-to-date symlink: /home/u2028576/slam_project/install/turtlebot3_bringup/share/turtlebot3_bringup/environment/path.dsv
[0.208s] -- Up-to-date symlink: /home/u2028576/slam_project/install/turtlebot3_bringup/share/turtlebot3_bringup/local_setup.bash
[0.208s] -- Up-to-date symlink: /home/u2028576/slam_project/install/turtlebot3_bringup/share/turtlebot3_bringup/local_setup.sh
[0.208s] -- Up-to-date symlink: /home/u2028576/slam_project/install/turtlebot3_bringup/share/turtlebot3_bringup/local_setup.zsh
[0.208s] -- Up-to-date symlink: /home/u2028576/slam_project/install/turtlebot3_bringup/share/turtlebot3_bringup/local_setup.dsv
[0.209s] -- Symlinking: /home/u2028576/slam_project/install/turtlebot3_bringup/share/turtlebot3_bringup/package.dsv
[0.218s] -- Up-to-date symlink: /home/u2028576/slam_project/install/turtlebot3_bringup/share/ament_index/resource_index/packages/turtlebot3_bringup
[0.218s] -- Up-to-date symlink: /home/u2028576/slam_project/install/turtlebot3_bringup/share/turtlebot3_bringup/cmake/turtlebot3_bringupConfig.cmake
[0.219s] -- Up-to-date symlink: /home/u2028576/slam_project/install/turtlebot3_bringup/share/turtlebot3_bringup/cmake/turtlebot3_bringupConfig-version.cmake
[0.219s] -- Up-to-date symlink: /home/u2028576/slam_project/install/turtlebot3_bringup/share/turtlebot3_bringup/package.xml
[0.222s] Invoked command in '/home/u2028576/slam_project/build/turtlebot3_bringup' returned '0': AMENT_PREFIX_PATH=/home/u2028576/slam_project/install/turtlebot3_node:/home/u2028576/slam_project/install/turtlebot3_msgs:/home/u2028576/slam_project/install/turtlebot3_description:/home/u2028576/slam_project/install/hls_lfcd_lds_driver:/home/u2028576/slam_project/install/dynamixel_sdk:${AMENT_PREFIX_PATH} CMAKE_PREFIX_PATH=/home/u2028576/slam_project/install/turtlebot3_node:/home/u2028576/slam_project/install/turtlebot3_msgs:/home/u2028576/slam_project/install/turtlebot3_description:/home/u2028576/slam_project/install/hls_lfcd_lds_driver:/home/u2028576/slam_project/install/dynamixel_sdk:/opt/ros/humble LD_LIBRARY_PATH=/home/u2028576/slam_project/install/turtlebot3_msgs/lib:/home/u2028576/slam_project/install/dynamixel_sdk/lib:${LD_LIBRARY_PATH} PYTHONPATH=/home/u2028576/slam_project/install/turtlebot3_msgs/local/lib/python3.10/dist-packages:${PYTHONPATH} /usr/bin/cmake --install /home/u2028576/slam_project/build/turtlebot3_bringup
