[0.044s] Invoking command in '/home/u2028576/slam_project/build/hls_lfcd_lds_driver': CMAKE_PREFIX_PATH=${CMAKE_PREFIX_PATH}:/home/u2028576/slam_project/install/turtlebot3_teleop:/home/u2028576/slam_project/install/turtlebot3_example:/home/u2028576/slam_project/install/feature_detection_py:/opt/ros/humble /usr/bin/cmake --build /home/u2028576/slam_project/build/hls_lfcd_lds_driver -- -j6 -l6
[0.156s] [100%] Built target hlds_laser_publisher
[0.199s] Invoked command in '/home/u2028576/slam_project/build/hls_lfcd_lds_driver' returned '0': CMAKE_PREFIX_PATH=${CMAKE_PREFIX_PATH}:/home/u2028576/slam_project/install/turtlebot3_teleop:/home/u2028576/slam_project/install/turtlebot3_example:/home/u2028576/slam_project/install/feature_detection_py:/opt/ros/humble /usr/bin/cmake --build /home/u2028576/slam_project/build/hls_lfcd_lds_driver -- -j6 -l6
[0.272s] Invoking command in '/home/u2028576/slam_project/build/hls_lfcd_lds_driver': CMAKE_PREFIX_PATH=${CMAKE_PREFIX_PATH}:/home/u2028576/slam_project/install/turtlebot3_teleop:/home/u2028576/slam_project/install/turtlebot3_example:/home/u2028576/slam_project/install/feature_detection_py:/opt/ros/humble /usr/bin/cmake --install /home/u2028576/slam_project/build/hls_lfcd_lds_driver
[0.283s] -- Install configuration: ""
[0.284s] -- Execute custom install script
[0.284s] -- Up-to-date symlink: /home/u2028576/slam_project/install/hls_lfcd_lds_driver/share/hls_lfcd_lds_driver/launch/hlds_laser.launch.py
[0.285s] -- Up-to-date symlink: /home/u2028576/slam_project/install/hls_lfcd_lds_driver/share/hls_lfcd_lds_driver/launch/view_hlds_laser.launch.py
[0.285s] -- Up-to-date symlink: /home/u2028576/slam_project/install/hls_lfcd_lds_driver/share/hls_lfcd_lds_driver/rviz/hlds_laser.rviz
[0.288s] -- Up-to-date symlink: /home/u2028576/slam_project/install/hls_lfcd_lds_driver/lib/hls_lfcd_lds_driver/hlds_laser_publisher
[0.288s] -- Up-to-date symlink: /home/u2028576/slam_project/install/hls_lfcd_lds_driver/share/ament_index/resource_index/package_run_dependencies/hls_lfcd_lds_driver
[0.289s] -- Up-to-date symlink: /home/u2028576/slam_project/install/hls_lfcd_lds_driver/share/ament_index/resource_index/parent_prefix_path/hls_lfcd_lds_driver
[0.289s] -- Up-to-date symlink: /home/u2028576/slam_project/install/hls_lfcd_lds_driver/share/hls_lfcd_lds_driver/environment/ament_prefix_path.sh
[0.290s] -- Up-to-date symlink: /home/u2028576/slam_project/install/hls_lfcd_lds_driver/share/hls_lfcd_lds_driver/environment/ament_prefix_path.dsv
[0.290s] -- Up-to-date symlink: /home/u2028576/slam_project/install/hls_lfcd_lds_driver/share/hls_lfcd_lds_driver/environment/path.sh
[0.291s] -- Up-to-date symlink: /home/u2028576/slam_project/install/hls_lfcd_lds_driver/share/hls_lfcd_lds_driver/environment/path.dsv
[0.292s] -- Up-to-date symlink: /home/u2028576/slam_project/install/hls_lfcd_lds_driver/share/hls_lfcd_lds_driver/local_setup.bash
[0.293s] -- Up-to-date symlink: /home/u2028576/slam_project/install/hls_lfcd_lds_driver/share/hls_lfcd_lds_driver/local_setup.sh
[0.294s] -- Up-to-date symlink: /home/u2028576/slam_project/install/hls_lfcd_lds_driver/share/hls_lfcd_lds_driver/local_setup.zsh
[0.298s] -- Up-to-date symlink: /home/u2028576/slam_project/install/hls_lfcd_lds_driver/share/hls_lfcd_lds_driver/local_setup.dsv
[0.298s] -- Symlinking: /home/u2028576/slam_project/install/hls_lfcd_lds_driver/share/hls_lfcd_lds_driver/package.dsv
[0.318s] -- Up-to-date symlink: /home/u2028576/slam_project/install/hls_lfcd_lds_driver/share/ament_index/resource_index/packages/hls_lfcd_lds_driver
[0.318s] -- Up-to-date symlink: /home/u2028576/slam_project/install/hls_lfcd_lds_driver/share/hls_lfcd_lds_driver/cmake/ament_cmake_export_dependencies-extras.cmake
[0.318s] -- Up-to-date symlink: /home/u2028576/slam_project/install/hls_lfcd_lds_driver/share/hls_lfcd_lds_driver/cmake/ament_cmake_export_include_directories-extras.cmake
[0.318s] -- Up-to-date symlink: /home/u2028576/slam_project/install/hls_lfcd_lds_driver/share/hls_lfcd_lds_driver/cmake/hls_lfcd_lds_driverConfig.cmake
[0.318s] -- Up-to-date symlink: /home/u2028576/slam_project/install/hls_lfcd_lds_driver/share/hls_lfcd_lds_driver/cmake/hls_lfcd_lds_driverConfig-version.cmake
[0.318s] -- Up-to-date symlink: /home/u2028576/slam_project/install/hls_lfcd_lds_driver/share/hls_lfcd_lds_driver/package.xml
[0.407s] Invoked command in '/home/u2028576/slam_project/build/hls_lfcd_lds_driver' returned '0': CMAKE_PREFIX_PATH=${CMAKE_PREFIX_PATH}:/home/u2028576/slam_project/install/turtlebot3_teleop:/home/u2028576/slam_project/install/turtlebot3_example:/home/u2028576/slam_project/install/feature_detection_py:/opt/ros/humble /usr/bin/cmake --install /home/u2028576/slam_project/build/hls_lfcd_lds_driver
