[1.279s] Invoking command in '/home/u2028576/slam_project/build/turtlebot3_example': CMAKE_PREFIX_PATH=/home/u2028576/slam_project/install/turtlebot3_msgs:/home/u2028576/slam_project/install/turtlebot3:/home/u2028576/slam_project/install/turtlebot3_simulations:/home/u2028576/slam_project/install/turtlebot3_bringup:/home/u2028576/slam_project/install/turtlebot3_node:/home/u2028576/slam_project/install/turtlebot3_navigation2:/home/u2028576/slam_project/install/turtlebot3_fake_node:/home/u2028576/slam_project/install/turtlebot3_gazebo:/home/u2028576/slam_project/install/turtlebot3_description:/home/u2028576/slam_project/install/turtlebot3_cartographer:/home/u2028576/slam_project/install/ld08_driver:/home/u2028576/slam_project/install/hls_lfcd_lds_driver:/home/u2028576/slam_project/install/feature_detection:/home/u2028576/slam_project/install/dynamixel_sdk_examples:/home/u2028576/slam_project/install/dynamixel_sdk_custom_interfaces:/home/u2028576/slam_project/install/dynamixel_sdk PYTHONPATH=/home/u2028576/slam_project/build/turtlebot3_example/prefix_override:/home/u2028576/slam_project/install/turtlebot3_example/lib/python3.10/site-packages:${PYTHONPATH} /usr/bin/python3 setup.py develop --uninstall --editable --build-directory /home/u2028576/slam_project/build/turtlebot3_example/build
[1.673s] running develop
[2.026s] Invoked command in '/home/u2028576/slam_project/build/turtlebot3_example' returned '0': CMAKE_PREFIX_PATH=/home/u2028576/slam_project/install/turtlebot3_msgs:/home/u2028576/slam_project/install/turtlebot3:/home/u2028576/slam_project/install/turtlebot3_simulations:/home/u2028576/slam_project/install/turtlebot3_bringup:/home/u2028576/slam_project/install/turtlebot3_node:/home/u2028576/slam_project/install/turtlebot3_navigation2:/home/u2028576/slam_project/install/turtlebot3_fake_node:/home/u2028576/slam_project/install/turtlebot3_gazebo:/home/u2028576/slam_project/install/turtlebot3_description:/home/u2028576/slam_project/install/turtlebot3_cartographer:/home/u2028576/slam_project/install/ld08_driver:/home/u2028576/slam_project/install/hls_lfcd_lds_driver:/home/u2028576/slam_project/install/feature_detection:/home/u2028576/slam_project/install/dynamixel_sdk_examples:/home/u2028576/slam_project/install/dynamixel_sdk_custom_interfaces:/home/u2028576/slam_project/install/dynamixel_sdk PYTHONPATH=/home/u2028576/slam_project/build/turtlebot3_example/prefix_override:/home/u2028576/slam_project/install/turtlebot3_example/lib/python3.10/site-packages:${PYTHONPATH} /usr/bin/python3 setup.py develop --uninstall --editable --build-directory /home/u2028576/slam_project/build/turtlebot3_example/build
[2.027s] Invoking command in '/home/u2028576/slam_project/turtlebot3/turtlebot3/turtlebot3_example': CMAKE_PREFIX_PATH=/home/u2028576/slam_project/install/turtlebot3_msgs:/home/u2028576/slam_project/install/turtlebot3:/home/u2028576/slam_project/install/turtlebot3_simulations:/home/u2028576/slam_project/install/turtlebot3_bringup:/home/u2028576/slam_project/install/turtlebot3_node:/home/u2028576/slam_project/install/turtlebot3_navigation2:/home/u2028576/slam_project/install/turtlebot3_fake_node:/home/u2028576/slam_project/install/turtlebot3_gazebo:/home/u2028576/slam_project/install/turtlebot3_description:/home/u2028576/slam_project/install/turtlebot3_cartographer:/home/u2028576/slam_project/install/ld08_driver:/home/u2028576/slam_project/install/hls_lfcd_lds_driver:/home/u2028576/slam_project/install/feature_detection:/home/u2028576/slam_project/install/dynamixel_sdk_examples:/home/u2028576/slam_project/install/dynamixel_sdk_custom_interfaces:/home/u2028576/slam_project/install/dynamixel_sdk PYTHONPATH=/home/u2028576/slam_project/build/turtlebot3_example/prefix_override:/home/u2028576/slam_project/install/turtlebot3_example/lib/python3.10/site-packages:${PYTHONPATH} /usr/bin/python3 setup.py egg_info --egg-base ../../../build/turtlebot3_example build --build-base /home/u2028576/slam_project/build/turtlebot3_example/build install --record /home/u2028576/slam_project/build/turtlebot3_example/install.log --single-version-externally-managed
[2.318s] running egg_info
[2.323s] writing ../../../build/turtlebot3_example/turtlebot3_example.egg-info/PKG-INFO
[2.323s] writing dependency_links to ../../../build/turtlebot3_example/turtlebot3_example.egg-info/dependency_links.txt
[2.323s] writing entry points to ../../../build/turtlebot3_example/turtlebot3_example.egg-info/entry_points.txt
[2.323s] writing requirements to ../../../build/turtlebot3_example/turtlebot3_example.egg-info/requires.txt
[2.324s] writing top-level names to ../../../build/turtlebot3_example/turtlebot3_example.egg-info/top_level.txt
[2.326s] reading manifest file '../../../build/turtlebot3_example/turtlebot3_example.egg-info/SOURCES.txt'
[2.333s] writing manifest file '../../../build/turtlebot3_example/turtlebot3_example.egg-info/SOURCES.txt'
[2.333s] running build
[2.333s] running build_py
[2.335s] running install
[2.335s] running install_lib
[2.346s] running install_data
[2.346s] running install_egg_info
[2.346s] removing '/home/u2028576/slam_project/install/turtlebot3_example/lib/python3.10/site-packages/turtlebot3_example-2.1.5-py3.10.egg-info' (and everything under it)
[2.348s] Copying ../../../build/turtlebot3_example/turtlebot3_example.egg-info to /home/u2028576/slam_project/install/turtlebot3_example/lib/python3.10/site-packages/turtlebot3_example-2.1.5-py3.10.egg-info
[2.348s] running install_scripts
[2.375s] Installing turtlebot3_obstacle_detection script to /home/u2028576/slam_project/install/turtlebot3_example/lib/turtlebot3_example
[2.376s] Installing turtlebot3_patrol_client script to /home/u2028576/slam_project/install/turtlebot3_example/lib/turtlebot3_example
[2.376s] Installing turtlebot3_patrol_server script to /home/u2028576/slam_project/install/turtlebot3_example/lib/turtlebot3_example
[2.376s] Installing turtlebot3_position_control script to /home/u2028576/slam_project/install/turtlebot3_example/lib/turtlebot3_example
[2.378s] writing list of installed files to '/home/u2028576/slam_project/build/turtlebot3_example/install.log'
[2.422s] Invoked command in '/home/u2028576/slam_project/turtlebot3/turtlebot3/turtlebot3_example' returned '0': CMAKE_PREFIX_PATH=/home/u2028576/slam_project/install/turtlebot3_msgs:/home/u2028576/slam_project/install/turtlebot3:/home/u2028576/slam_project/install/turtlebot3_simulations:/home/u2028576/slam_project/install/turtlebot3_bringup:/home/u2028576/slam_project/install/turtlebot3_node:/home/u2028576/slam_project/install/turtlebot3_navigation2:/home/u2028576/slam_project/install/turtlebot3_fake_node:/home/u2028576/slam_project/install/turtlebot3_gazebo:/home/u2028576/slam_project/install/turtlebot3_description:/home/u2028576/slam_project/install/turtlebot3_cartographer:/home/u2028576/slam_project/install/ld08_driver:/home/u2028576/slam_project/install/hls_lfcd_lds_driver:/home/u2028576/slam_project/install/feature_detection:/home/u2028576/slam_project/install/dynamixel_sdk_examples:/home/u2028576/slam_project/install/dynamixel_sdk_custom_interfaces:/home/u2028576/slam_project/install/dynamixel_sdk PYTHONPATH=/home/u2028576/slam_project/build/turtlebot3_example/prefix_override:/home/u2028576/slam_project/install/turtlebot3_example/lib/python3.10/site-packages:${PYTHONPATH} /usr/bin/python3 setup.py egg_info --egg-base ../../../build/turtlebot3_example build --build-base /home/u2028576/slam_project/build/turtlebot3_example/build install --record /home/u2028576/slam_project/build/turtlebot3_example/install.log --single-version-externally-managed
