[0.031s] Invoking command in '/home/u2028576/slam_project/build/ld08_driver': CMAKE_PREFIX_PATH=${CMAKE_PREFIX_PATH}:/home/u2028576/slam_project/install/turtlebot3_teleop:/home/u2028576/slam_project/install/turtlebot3_example:/home/u2028576/slam_project/install/movement:/home/u2028576/slam_project/install/feature_detection_py:/home/u2028576/slam_project/install/Path_Planner:/home/u2028576/slam_project/install/Extended_Kalman_Filter:/opt/ros/humble /usr/bin/cmake --build /home/u2028576/slam_project/build/ld08_driver -- -j6 -l6
[0.149s] [100%] Built target ld08_driver
[0.172s] Invoked command in '/home/u2028576/slam_project/build/ld08_driver' returned '0': CMAKE_PREFIX_PATH=${CMAKE_PREFIX_PATH}:/home/u2028576/slam_project/install/turtlebot3_teleop:/home/u2028576/slam_project/install/turtlebot3_example:/home/u2028576/slam_project/install/movement:/home/u2028576/slam_project/install/feature_detection_py:/home/u2028576/slam_project/install/Path_Planner:/home/u2028576/slam_project/install/Extended_Kalman_Filter:/opt/ros/humble /usr/bin/cmake --build /home/u2028576/slam_project/build/ld08_driver -- -j6 -l6
[0.295s] Invoking command in '/home/u2028576/slam_project/build/ld08_driver': CMAKE_PREFIX_PATH=${CMAKE_PREFIX_PATH}:/home/u2028576/slam_project/install/turtlebot3_teleop:/home/u2028576/slam_project/install/turtlebot3_example:/home/u2028576/slam_project/install/movement:/home/u2028576/slam_project/install/feature_detection_py:/home/u2028576/slam_project/install/Path_Planner:/home/u2028576/slam_project/install/Extended_Kalman_Filter:/opt/ros/humble /usr/bin/cmake --install /home/u2028576/slam_project/build/ld08_driver
[0.307s] -- Install configuration: ""
[0.308s] -- Execute custom install script
[0.308s] -- Up-to-date symlink: /home/u2028576/slam_project/install/ld08_driver/share/ld08_driver/launch/ld08.launch.py
[0.309s] -- Up-to-date symlink: /home/u2028576/slam_project/install/ld08_driver/lib/ld08_driver/ld08_driver
[0.309s] -- Up-to-date symlink: /home/u2028576/slam_project/install/ld08_driver/share/ament_index/resource_index/package_run_dependencies/ld08_driver
[0.310s] -- Up-to-date symlink: /home/u2028576/slam_project/install/ld08_driver/share/ament_index/resource_index/parent_prefix_path/ld08_driver
[0.310s] -- Up-to-date symlink: /home/u2028576/slam_project/install/ld08_driver/share/ld08_driver/environment/ament_prefix_path.sh
[0.310s] -- Up-to-date symlink: /home/u2028576/slam_project/install/ld08_driver/share/ld08_driver/environment/ament_prefix_path.dsv
[0.310s] -- Up-to-date symlink: /home/u2028576/slam_project/install/ld08_driver/share/ld08_driver/environment/path.sh
[0.311s] -- Up-to-date symlink: /home/u2028576/slam_project/install/ld08_driver/share/ld08_driver/environment/path.dsv
[0.311s] -- Up-to-date symlink: /home/u2028576/slam_project/install/ld08_driver/share/ld08_driver/local_setup.bash
[0.311s] -- Up-to-date symlink: /home/u2028576/slam_project/install/ld08_driver/share/ld08_driver/local_setup.sh
[0.312s] -- Up-to-date symlink: /home/u2028576/slam_project/install/ld08_driver/share/ld08_driver/local_setup.zsh
[0.312s] -- Up-to-date symlink: /home/u2028576/slam_project/install/ld08_driver/share/ld08_driver/local_setup.dsv
[0.312s] -- Symlinking: /home/u2028576/slam_project/install/ld08_driver/share/ld08_driver/package.dsv
[0.337s] -- Up-to-date symlink: /home/u2028576/slam_project/install/ld08_driver/share/ament_index/resource_index/packages/ld08_driver
[0.337s] -- Up-to-date symlink: /home/u2028576/slam_project/install/ld08_driver/share/ld08_driver/cmake/ament_cmake_export_dependencies-extras.cmake
[0.337s] -- Up-to-date symlink: /home/u2028576/slam_project/install/ld08_driver/share/ld08_driver/cmake/ament_cmake_export_include_directories-extras.cmake
[0.337s] -- Up-to-date symlink: /home/u2028576/slam_project/install/ld08_driver/share/ld08_driver/cmake/ld08_driverConfig.cmake
[0.337s] -- Up-to-date symlink: /home/u2028576/slam_project/install/ld08_driver/share/ld08_driver/cmake/ld08_driverConfig-version.cmake
[0.338s] -- Up-to-date symlink: /home/u2028576/slam_project/install/ld08_driver/share/ld08_driver/package.xml
[0.340s] Invoked command in '/home/u2028576/slam_project/build/ld08_driver' returned '0': CMAKE_PREFIX_PATH=${CMAKE_PREFIX_PATH}:/home/u2028576/slam_project/install/turtlebot3_teleop:/home/u2028576/slam_project/install/turtlebot3_example:/home/u2028576/slam_project/install/movement:/home/u2028576/slam_project/install/feature_detection_py:/home/u2028576/slam_project/install/Path_Planner:/home/u2028576/slam_project/install/Extended_Kalman_Filter:/opt/ros/humble /usr/bin/cmake --install /home/u2028576/slam_project/build/ld08_driver
