[0.037s] Invoking command in '/home/u2028576/slam_project/build/turtlebot3_navigation2': CMAKE_PREFIX_PATH=/opt/ros/humble /usr/bin/cmake --build /home/u2028576/slam_project/build/turtlebot3_navigation2 -- -j6 -l6
[0.094s] Invoked command in '/home/u2028576/slam_project/build/turtlebot3_navigation2' returned '0': CMAKE_PREFIX_PATH=/opt/ros/humble /usr/bin/cmake --build /home/u2028576/slam_project/build/turtlebot3_navigation2 -- -j6 -l6
[0.186s] Invoking command in '/home/u2028576/slam_project/build/turtlebot3_navigation2': CMAKE_PREFIX_PATH=/opt/ros/humble /usr/bin/cmake --install /home/u2028576/slam_project/build/turtlebot3_navigation2
[0.211s] -- Install configuration: ""
[0.211s] -- Execute custom install script
[0.211s] -- Up-to-date symlink: /home/u2028576/slam_project/install/turtlebot3_navigation2/share/turtlebot3_navigation2/launch/navigation2.launch.py
[0.211s] -- Up-to-date symlink: /home/u2028576/slam_project/install/turtlebot3_navigation2/share/turtlebot3_navigation2/map/map.pgm
[0.212s] -- Up-to-date symlink: /home/u2028576/slam_project/install/turtlebot3_navigation2/share/turtlebot3_navigation2/map/map.yaml
[0.212s] -- Up-to-date symlink: /home/u2028576/slam_project/install/turtlebot3_navigation2/share/turtlebot3_navigation2/param/burger.yaml
[0.212s] -- Up-to-date symlink: /home/u2028576/slam_project/install/turtlebot3_navigation2/share/turtlebot3_navigation2/param/waffle.yaml
[0.212s] -- Up-to-date symlink: /home/u2028576/slam_project/install/turtlebot3_navigation2/share/turtlebot3_navigation2/param/waffle_pi.yaml
[0.212s] -- Up-to-date symlink: /home/u2028576/slam_project/install/turtlebot3_navigation2/share/turtlebot3_navigation2/rviz/tb3_navigation2.rviz
[0.212s] -- Up-to-date symlink: /home/u2028576/slam_project/install/turtlebot3_navigation2/share/ament_index/resource_index/package_run_dependencies/turtlebot3_navigation2
[0.212s] -- Up-to-date symlink: /home/u2028576/slam_project/install/turtlebot3_navigation2/share/ament_index/resource_index/parent_prefix_path/turtlebot3_navigation2
[0.212s] -- Up-to-date symlink: /home/u2028576/slam_project/install/turtlebot3_navigation2/share/turtlebot3_navigation2/environment/ament_prefix_path.sh
[0.212s] -- Up-to-date symlink: /home/u2028576/slam_project/install/turtlebot3_navigation2/share/turtlebot3_navigation2/environment/ament_prefix_path.dsv
[0.212s] -- Up-to-date symlink: /home/u2028576/slam_project/install/turtlebot3_navigation2/share/turtlebot3_navigation2/environment/path.sh
[0.212s] -- Up-to-date symlink: /home/u2028576/slam_project/install/turtlebot3_navigation2/share/turtlebot3_navigation2/environment/path.dsv
[0.212s] -- Up-to-date symlink: /home/u2028576/slam_project/install/turtlebot3_navigation2/share/turtlebot3_navigation2/local_setup.bash
[0.213s] -- Up-to-date symlink: /home/u2028576/slam_project/install/turtlebot3_navigation2/share/turtlebot3_navigation2/local_setup.sh
[0.213s] -- Up-to-date symlink: /home/u2028576/slam_project/install/turtlebot3_navigation2/share/turtlebot3_navigation2/local_setup.zsh
[0.213s] -- Up-to-date symlink: /home/u2028576/slam_project/install/turtlebot3_navigation2/share/turtlebot3_navigation2/local_setup.dsv
[0.213s] -- Symlinking: /home/u2028576/slam_project/install/turtlebot3_navigation2/share/turtlebot3_navigation2/package.dsv
[0.217s] -- Up-to-date symlink: /home/u2028576/slam_project/install/turtlebot3_navigation2/share/ament_index/resource_index/packages/turtlebot3_navigation2
[0.217s] -- Up-to-date symlink: /home/u2028576/slam_project/install/turtlebot3_navigation2/share/turtlebot3_navigation2/cmake/turtlebot3_navigation2Config.cmake
[0.217s] -- Up-to-date symlink: /home/u2028576/slam_project/install/turtlebot3_navigation2/share/turtlebot3_navigation2/cmake/turtlebot3_navigation2Config-version.cmake
[0.217s] -- Up-to-date symlink: /home/u2028576/slam_project/install/turtlebot3_navigation2/share/turtlebot3_navigation2/package.xml
[0.472s] Invoked command in '/home/u2028576/slam_project/build/turtlebot3_navigation2' returned '0': CMAKE_PREFIX_PATH=/opt/ros/humble /usr/bin/cmake --install /home/u2028576/slam_project/build/turtlebot3_navigation2
