[0.868s] Invoking command in '/home/u2028576/slam_project/build/feature_detection_py': PYTHONPATH=/home/u2028576/slam_project/build/feature_detection_py/prefix_override:/home/u2028576/slam_project/install/feature_detection_py/lib/python3.10/site-packages:${PYTHONPATH} /usr/bin/python3 setup.py develop --uninstall --editable --build-directory /home/u2028576/slam_project/build/feature_detection_py/build
[1.195s] running develop
[1.410s] Invoked command in '/home/u2028576/slam_project/build/feature_detection_py' returned '0': PYTHONPATH=/home/u2028576/slam_project/build/feature_detection_py/prefix_override:/home/u2028576/slam_project/install/feature_detection_py/lib/python3.10/site-packages:${PYTHONPATH} /usr/bin/python3 setup.py develop --uninstall --editable --build-directory /home/u2028576/slam_project/build/feature_detection_py/build
[1.411s] Invoking command in '/home/u2028576/slam_project/feature_detection_py': PYTHONPATH=/home/u2028576/slam_project/build/feature_detection_py/prefix_override:/home/u2028576/slam_project/install/feature_detection_py/lib/python3.10/site-packages:${PYTHONPATH} /usr/bin/python3 setup.py egg_info --egg-base ../build/feature_detection_py build --build-base /home/u2028576/slam_project/build/feature_detection_py/build install --record /home/u2028576/slam_project/build/feature_detection_py/install.log --single-version-externally-managed
[1.788s] running egg_info
[1.789s] writing ../build/feature_detection_py/feature_detection_py.egg-info/PKG-INFO
[1.789s] writing dependency_links to ../build/feature_detection_py/feature_detection_py.egg-info/dependency_links.txt
[1.790s] writing entry points to ../build/feature_detection_py/feature_detection_py.egg-info/entry_points.txt
[1.790s] writing requirements to ../build/feature_detection_py/feature_detection_py.egg-info/requires.txt
[1.790s] writing top-level names to ../build/feature_detection_py/feature_detection_py.egg-info/top_level.txt
[1.795s] reading manifest file '../build/feature_detection_py/feature_detection_py.egg-info/SOURCES.txt'
[1.796s] writing manifest file '../build/feature_detection_py/feature_detection_py.egg-info/SOURCES.txt'
[1.796s] running build
[1.798s] running build_py
[1.798s] running install
[1.798s] running install_lib
[1.798s] running install_data
[1.798s] running install_egg_info
[1.801s] removing '/home/u2028576/slam_project/install/feature_detection_py/lib/python3.10/site-packages/feature_detection_py-0.0.0-py3.10.egg-info' (and everything under it)
[1.816s] Copying ../build/feature_detection_py/feature_detection_py.egg-info to /home/u2028576/slam_project/install/feature_detection_py/lib/python3.10/site-packages/feature_detection_py-0.0.0-py3.10.egg-info
[1.816s] running install_scripts
[1.825s] Installing LineDetector script to /home/u2028576/slam_project/install/feature_detection_py/lib/feature_detection_py
[1.826s] writing list of installed files to '/home/u2028576/slam_project/build/feature_detection_py/install.log'
[1.873s] Invoked command in '/home/u2028576/slam_project/feature_detection_py' returned '0': PYTHONPATH=/home/u2028576/slam_project/build/feature_detection_py/prefix_override:/home/u2028576/slam_project/install/feature_detection_py/lib/python3.10/site-packages:${PYTHONPATH} /usr/bin/python3 setup.py egg_info --egg-base ../build/feature_detection_py build --build-base /home/u2028576/slam_project/build/feature_detection_py/build install --record /home/u2028576/slam_project/build/feature_detection_py/install.log --single-version-externally-managed
