[0.845s] Invoking command in '/home/u2028576/slam_project/movement': PYTHONPATH=/home/u2028576/slam_project/build/movement/prefix_override:/home/u2028576/slam_project/install/movement/lib/python3.10/site-packages:${PYTHONPATH} /usr/bin/python3 setup.py egg_info --egg-base ../build/movement build --build-base /home/u2028576/slam_project/build/movement/build install --record /home/u2028576/slam_project/build/movement/install.log --single-version-externally-managed
[1.090s] running egg_info
[1.091s] writing ../build/movement/movement.egg-info/PKG-INFO
[1.091s] writing dependency_links to ../build/movement/movement.egg-info/dependency_links.txt
[1.091s] writing entry points to ../build/movement/movement.egg-info/entry_points.txt
[1.091s] writing requirements to ../build/movement/movement.egg-info/requires.txt
[1.092s] writing top-level names to ../build/movement/movement.egg-info/top_level.txt
[1.094s] reading manifest file '../build/movement/movement.egg-info/SOURCES.txt'
[1.095s] writing manifest file '../build/movement/movement.egg-info/SOURCES.txt'
[1.095s] running build
[1.095s] running build_py
[1.095s] copying movement/Movement.py -> /home/u2028576/slam_project/build/movement/build/lib/movement
[1.096s] running install
[1.096s] running install_lib
[1.097s] copying /home/u2028576/slam_project/build/movement/build/lib/movement/Movement.py -> /home/u2028576/slam_project/install/movement/lib/python3.10/site-packages/movement
[1.097s] byte-compiling /home/u2028576/slam_project/install/movement/lib/python3.10/site-packages/movement/Movement.py to Movement.cpython-310.pyc
[1.098s] running install_data
[1.099s] running install_egg_info
[1.101s] removing '/home/u2028576/slam_project/install/movement/lib/python3.10/site-packages/movement-0.0.0-py3.10.egg-info' (and everything under it)
[1.101s] Copying ../build/movement/movement.egg-info to /home/u2028576/slam_project/install/movement/lib/python3.10/site-packages/movement-0.0.0-py3.10.egg-info
[1.102s] running install_scripts
[1.120s] writing list of installed files to '/home/u2028576/slam_project/build/movement/install.log'
[1.145s] Invoked command in '/home/u2028576/slam_project/movement' returned '0': PYTHONPATH=/home/u2028576/slam_project/build/movement/prefix_override:/home/u2028576/slam_project/install/movement/lib/python3.10/site-packages:${PYTHONPATH} /usr/bin/python3 setup.py egg_info --egg-base ../build/movement build --build-base /home/u2028576/slam_project/build/movement/build install --record /home/u2028576/slam_project/build/movement/install.log --single-version-externally-managed
