[0.754s] Invoking command in '/home/u2028576/slam_project/build/turtlebot3_teleop': PYTHONPATH=/home/u2028576/slam_project/build/turtlebot3_teleop/prefix_override:/home/u2028576/slam_project/install/turtlebot3_teleop/lib/python3.10/site-packages:${PYTHONPATH} /usr/bin/python3 setup.py develop --uninstall --editable --build-directory /home/u2028576/slam_project/build/turtlebot3_teleop/build
[1.062s] running develop
[1.561s] Invoked command in '/home/u2028576/slam_project/build/turtlebot3_teleop' returned '0': PYTHONPATH=/home/u2028576/slam_project/build/turtlebot3_teleop/prefix_override:/home/u2028576/slam_project/install/turtlebot3_teleop/lib/python3.10/site-packages:${PYTHONPATH} /usr/bin/python3 setup.py develop --uninstall --editable --build-directory /home/u2028576/slam_project/build/turtlebot3_teleop/build
[1.562s] Invoking command in '/home/u2028576/slam_project/turtlebot3/turtlebot3/turtlebot3_teleop': PYTHONPATH=/home/u2028576/slam_project/build/turtlebot3_teleop/prefix_override:/home/u2028576/slam_project/install/turtlebot3_teleop/lib/python3.10/site-packages:${PYTHONPATH} /usr/bin/python3 setup.py egg_info --egg-base ../../../build/turtlebot3_teleop build --build-base /home/u2028576/slam_project/build/turtlebot3_teleop/build install --record /home/u2028576/slam_project/build/turtlebot3_teleop/install.log --single-version-externally-managed
[1.807s] running egg_info
[1.809s] writing ../../../build/turtlebot3_teleop/turtlebot3_teleop.egg-info/PKG-INFO
[1.810s] writing dependency_links to ../../../build/turtlebot3_teleop/turtlebot3_teleop.egg-info/dependency_links.txt
[1.811s] writing entry points to ../../../build/turtlebot3_teleop/turtlebot3_teleop.egg-info/entry_points.txt
[1.812s] writing requirements to ../../../build/turtlebot3_teleop/turtlebot3_teleop.egg-info/requires.txt
[1.813s] writing top-level names to ../../../build/turtlebot3_teleop/turtlebot3_teleop.egg-info/top_level.txt
[1.816s] reading manifest file '../../../build/turtlebot3_teleop/turtlebot3_teleop.egg-info/SOURCES.txt'
[1.817s] writing manifest file '../../../build/turtlebot3_teleop/turtlebot3_teleop.egg-info/SOURCES.txt'
[1.818s] running build
[1.818s] running build_py
[1.819s] running install
[1.820s] running install_lib
[1.822s] running install_data
[1.822s] running install_egg_info
[1.825s] removing '/home/u2028576/slam_project/install/turtlebot3_teleop/lib/python3.10/site-packages/turtlebot3_teleop-2.1.5-py3.10.egg-info' (and everything under it)
[1.831s] Copying ../../../build/turtlebot3_teleop/turtlebot3_teleop.egg-info to /home/u2028576/slam_project/install/turtlebot3_teleop/lib/python3.10/site-packages/turtlebot3_teleop-2.1.5-py3.10.egg-info
[1.832s] running install_scripts
[1.852s] Installing teleop_keyboard script to /home/u2028576/slam_project/install/turtlebot3_teleop/lib/turtlebot3_teleop
[1.853s] writing list of installed files to '/home/u2028576/slam_project/build/turtlebot3_teleop/install.log'
[1.896s] Invoked command in '/home/u2028576/slam_project/turtlebot3/turtlebot3/turtlebot3_teleop' returned '0': PYTHONPATH=/home/u2028576/slam_project/build/turtlebot3_teleop/prefix_override:/home/u2028576/slam_project/install/turtlebot3_teleop/lib/python3.10/site-packages:${PYTHONPATH} /usr/bin/python3 setup.py egg_info --egg-base ../../../build/turtlebot3_teleop build --build-base /home/u2028576/slam_project/build/turtlebot3_teleop/build install --record /home/u2028576/slam_project/build/turtlebot3_teleop/install.log --single-version-externally-managed
