[0.031s] Invoking command in '/home/u2028576/slam_project/build/dynamixel_sdk_examples': AMENT_PREFIX_PATH=/home/u2028576/slam_project/install/dynamixel_sdk_custom_interfaces:/home/u2028576/slam_project/install/dynamixel_sdk:${AMENT_PREFIX_PATH} CMAKE_PREFIX_PATH=/home/u2028576/slam_project/install/dynamixel_sdk_custom_interfaces:/home/u2028576/slam_project/install/dynamixel_sdk:/home/u2028576/slam_project/install/feature_detection:/home/u2028576/slam_project/install/feature_detection_py:/opt/ros/humble LD_LIBRARY_PATH=/home/u2028576/slam_project/install/dynamixel_sdk_custom_interfaces/lib:/home/u2028576/slam_project/install/dynamixel_sdk/lib:${LD_LIBRARY_PATH} PYTHONPATH=/home/u2028576/slam_project/install/dynamixel_sdk_custom_interfaces/local/lib/python3.10/dist-packages:${PYTHONPATH} /usr/bin/cmake --build /home/u2028576/slam_project/build/dynamixel_sdk_examples -- -j6 -l6
[0.110s] [100%] Built target read_write_node
[0.124s] Invoked command in '/home/u2028576/slam_project/build/dynamixel_sdk_examples' returned '0': AMENT_PREFIX_PATH=/home/u2028576/slam_project/install/dynamixel_sdk_custom_interfaces:/home/u2028576/slam_project/install/dynamixel_sdk:${AMENT_PREFIX_PATH} CMAKE_PREFIX_PATH=/home/u2028576/slam_project/install/dynamixel_sdk_custom_interfaces:/home/u2028576/slam_project/install/dynamixel_sdk:/home/u2028576/slam_project/install/feature_detection:/home/u2028576/slam_project/install/feature_detection_py:/opt/ros/humble LD_LIBRARY_PATH=/home/u2028576/slam_project/install/dynamixel_sdk_custom_interfaces/lib:/home/u2028576/slam_project/install/dynamixel_sdk/lib:${LD_LIBRARY_PATH} PYTHONPATH=/home/u2028576/slam_project/install/dynamixel_sdk_custom_interfaces/local/lib/python3.10/dist-packages:${PYTHONPATH} /usr/bin/cmake --build /home/u2028576/slam_project/build/dynamixel_sdk_examples -- -j6 -l6
[0.212s] Invoking command in '/home/u2028576/slam_project/build/dynamixel_sdk_examples': AMENT_PREFIX_PATH=/home/u2028576/slam_project/install/dynamixel_sdk_custom_interfaces:/home/u2028576/slam_project/install/dynamixel_sdk:${AMENT_PREFIX_PATH} CMAKE_PREFIX_PATH=/home/u2028576/slam_project/install/dynamixel_sdk_custom_interfaces:/home/u2028576/slam_project/install/dynamixel_sdk:/home/u2028576/slam_project/install/feature_detection:/home/u2028576/slam_project/install/feature_detection_py:/opt/ros/humble LD_LIBRARY_PATH=/home/u2028576/slam_project/install/dynamixel_sdk_custom_interfaces/lib:/home/u2028576/slam_project/install/dynamixel_sdk/lib:${LD_LIBRARY_PATH} PYTHONPATH=/home/u2028576/slam_project/install/dynamixel_sdk_custom_interfaces/local/lib/python3.10/dist-packages:${PYTHONPATH} /usr/bin/cmake --install /home/u2028576/slam_project/build/dynamixel_sdk_examples
[0.220s] -- Install configuration: ""
[0.220s] -- Execute custom install script
[0.220s] -- Up-to-date symlink: /home/u2028576/slam_project/install/dynamixel_sdk_examples/lib/dynamixel_sdk_examples/read_write_node
[0.220s] -- Up-to-date symlink: /home/u2028576/slam_project/install/dynamixel_sdk_examples/share/ament_index/resource_index/package_run_dependencies/dynamixel_sdk_examples
[0.220s] -- Up-to-date symlink: /home/u2028576/slam_project/install/dynamixel_sdk_examples/share/ament_index/resource_index/parent_prefix_path/dynamixel_sdk_examples
[0.220s] -- Up-to-date symlink: /home/u2028576/slam_project/install/dynamixel_sdk_examples/share/dynamixel_sdk_examples/environment/ament_prefix_path.sh
[0.220s] -- Up-to-date symlink: /home/u2028576/slam_project/install/dynamixel_sdk_examples/share/dynamixel_sdk_examples/environment/ament_prefix_path.dsv
[0.220s] -- Up-to-date symlink: /home/u2028576/slam_project/install/dynamixel_sdk_examples/share/dynamixel_sdk_examples/environment/path.sh
[0.220s] -- Up-to-date symlink: /home/u2028576/slam_project/install/dynamixel_sdk_examples/share/dynamixel_sdk_examples/environment/path.dsv
[0.221s] -- Up-to-date symlink: /home/u2028576/slam_project/install/dynamixel_sdk_examples/share/dynamixel_sdk_examples/local_setup.bash
[0.221s] -- Up-to-date symlink: /home/u2028576/slam_project/install/dynamixel_sdk_examples/share/dynamixel_sdk_examples/local_setup.sh
[0.221s] -- Up-to-date symlink: /home/u2028576/slam_project/install/dynamixel_sdk_examples/share/dynamixel_sdk_examples/local_setup.zsh
[0.221s] -- Up-to-date symlink: /home/u2028576/slam_project/install/dynamixel_sdk_examples/share/dynamixel_sdk_examples/local_setup.dsv
[0.221s] -- Symlinking: /home/u2028576/slam_project/install/dynamixel_sdk_examples/share/dynamixel_sdk_examples/package.dsv
[0.245s] -- Up-to-date symlink: /home/u2028576/slam_project/install/dynamixel_sdk_examples/share/ament_index/resource_index/packages/dynamixel_sdk_examples
[0.245s] -- Up-to-date symlink: /home/u2028576/slam_project/install/dynamixel_sdk_examples/share/dynamixel_sdk_examples/cmake/dynamixel_sdk_examplesConfig.cmake
[0.246s] -- Up-to-date symlink: /home/u2028576/slam_project/install/dynamixel_sdk_examples/share/dynamixel_sdk_examples/cmake/dynamixel_sdk_examplesConfig-version.cmake
[0.247s] -- Up-to-date symlink: /home/u2028576/slam_project/install/dynamixel_sdk_examples/share/dynamixel_sdk_examples/package.xml
[0.521s] Invoked command in '/home/u2028576/slam_project/build/dynamixel_sdk_examples' returned '0': AMENT_PREFIX_PATH=/home/u2028576/slam_project/install/dynamixel_sdk_custom_interfaces:/home/u2028576/slam_project/install/dynamixel_sdk:${AMENT_PREFIX_PATH} CMAKE_PREFIX_PATH=/home/u2028576/slam_project/install/dynamixel_sdk_custom_interfaces:/home/u2028576/slam_project/install/dynamixel_sdk:/home/u2028576/slam_project/install/feature_detection:/home/u2028576/slam_project/install/feature_detection_py:/opt/ros/humble LD_LIBRARY_PATH=/home/u2028576/slam_project/install/dynamixel_sdk_custom_interfaces/lib:/home/u2028576/slam_project/install/dynamixel_sdk/lib:${LD_LIBRARY_PATH} PYTHONPATH=/home/u2028576/slam_project/install/dynamixel_sdk_custom_interfaces/local/lib/python3.10/dist-packages:${PYTHONPATH} /usr/bin/cmake --install /home/u2028576/slam_project/build/dynamixel_sdk_examples
