[0.769s] Invoking command in '/home/u2028576/slam_project/build/turtlebot3_teleop': PYTHONPATH=/home/u2028576/slam_project/build/turtlebot3_teleop/prefix_override:/home/u2028576/slam_project/install/turtlebot3_teleop/lib/python3.10/site-packages:${PYTHONPATH} /usr/bin/python3 setup.py develop --uninstall --editable --build-directory /home/u2028576/slam_project/build/turtlebot3_teleop/build
[1.078s] running develop
[1.323s] Invoked command in '/home/u2028576/slam_project/build/turtlebot3_teleop' returned '0': PYTHONPATH=/home/u2028576/slam_project/build/turtlebot3_teleop/prefix_override:/home/u2028576/slam_project/install/turtlebot3_teleop/lib/python3.10/site-packages:${PYTHONPATH} /usr/bin/python3 setup.py develop --uninstall --editable --build-directory /home/u2028576/slam_project/build/turtlebot3_teleop/build
[1.324s] Invoking command in '/home/u2028576/slam_project/turtlebot3/turtlebot3/turtlebot3_teleop': PYTHONPATH=/home/u2028576/slam_project/build/turtlebot3_teleop/prefix_override:/home/u2028576/slam_project/install/turtlebot3_teleop/lib/python3.10/site-packages:${PYTHONPATH} /usr/bin/python3 setup.py egg_info --egg-base ../../../build/turtlebot3_teleop build --build-base /home/u2028576/slam_project/build/turtlebot3_teleop/build install --record /home/u2028576/slam_project/build/turtlebot3_teleop/install.log --single-version-externally-managed
[1.568s] running egg_info
[1.569s] writing ../../../build/turtlebot3_teleop/turtlebot3_teleop.egg-info/PKG-INFO
[1.569s] writing dependency_links to ../../../build/turtlebot3_teleop/turtlebot3_teleop.egg-info/dependency_links.txt
[1.569s] writing entry points to ../../../build/turtlebot3_teleop/turtlebot3_teleop.egg-info/entry_points.txt
[1.569s] writing requirements to ../../../build/turtlebot3_teleop/turtlebot3_teleop.egg-info/requires.txt
[1.569s] writing top-level names to ../../../build/turtlebot3_teleop/turtlebot3_teleop.egg-info/top_level.txt
[1.571s] reading manifest file '../../../build/turtlebot3_teleop/turtlebot3_teleop.egg-info/SOURCES.txt'
[1.572s] writing manifest file '../../../build/turtlebot3_teleop/turtlebot3_teleop.egg-info/SOURCES.txt'
[1.572s] running build
[1.572s] running build_py
[1.573s] running install
[1.573s] running install_lib
[1.574s] running install_data
[1.574s] running install_egg_info
[1.575s] removing '/home/u2028576/slam_project/install/turtlebot3_teleop/lib/python3.10/site-packages/turtlebot3_teleop-2.1.5-py3.10.egg-info' (and everything under it)
[1.576s] Copying ../../../build/turtlebot3_teleop/turtlebot3_teleop.egg-info to /home/u2028576/slam_project/install/turtlebot3_teleop/lib/python3.10/site-packages/turtlebot3_teleop-2.1.5-py3.10.egg-info
[1.577s] running install_scripts
[1.594s] Installing teleop_keyboard script to /home/u2028576/slam_project/install/turtlebot3_teleop/lib/turtlebot3_teleop
[1.594s] writing list of installed files to '/home/u2028576/slam_project/build/turtlebot3_teleop/install.log'
[1.637s] Invoked command in '/home/u2028576/slam_project/turtlebot3/turtlebot3/turtlebot3_teleop' returned '0': PYTHONPATH=/home/u2028576/slam_project/build/turtlebot3_teleop/prefix_override:/home/u2028576/slam_project/install/turtlebot3_teleop/lib/python3.10/site-packages:${PYTHONPATH} /usr/bin/python3 setup.py egg_info --egg-base ../../../build/turtlebot3_teleop build --build-base /home/u2028576/slam_project/build/turtlebot3_teleop/build install --record /home/u2028576/slam_project/build/turtlebot3_teleop/install.log --single-version-externally-managed
