[0.035s] Invoking command in '/home/u2028576/slam_project/build/turtlebot3_navigation2': CMAKE_PREFIX_PATH=/opt/ros/humble /usr/bin/cmake --build /home/u2028576/slam_project/build/turtlebot3_navigation2 -- -j6 -l6
[0.344s] Invoked command in '/home/u2028576/slam_project/build/turtlebot3_navigation2' returned '0': CMAKE_PREFIX_PATH=/opt/ros/humble /usr/bin/cmake --build /home/u2028576/slam_project/build/turtlebot3_navigation2 -- -j6 -l6
[0.647s] Invoking command in '/home/u2028576/slam_project/build/turtlebot3_navigation2': CMAKE_PREFIX_PATH=/opt/ros/humble /usr/bin/cmake --install /home/u2028576/slam_project/build/turtlebot3_navigation2
[0.654s] -- Install configuration: ""
[0.654s] -- Execute custom install script
[0.655s] -- Up-to-date symlink: /home/u2028576/slam_project/install/turtlebot3_navigation2/share/turtlebot3_navigation2/launch/navigation2.launch.py
[0.657s] -- Up-to-date symlink: /home/u2028576/slam_project/install/turtlebot3_navigation2/share/turtlebot3_navigation2/map/map.pgm
[0.657s] -- Up-to-date symlink: /home/u2028576/slam_project/install/turtlebot3_navigation2/share/turtlebot3_navigation2/map/map.yaml
[0.657s] -- Up-to-date symlink: /home/u2028576/slam_project/install/turtlebot3_navigation2/share/turtlebot3_navigation2/param/burger.yaml
[0.657s] -- Up-to-date symlink: /home/u2028576/slam_project/install/turtlebot3_navigation2/share/turtlebot3_navigation2/param/waffle.yaml
[0.657s] -- Up-to-date symlink: /home/u2028576/slam_project/install/turtlebot3_navigation2/share/turtlebot3_navigation2/param/waffle_pi.yaml
[0.657s] -- Up-to-date symlink: /home/u2028576/slam_project/install/turtlebot3_navigation2/share/turtlebot3_navigation2/rviz/tb3_navigation2.rviz
[0.657s] -- Up-to-date symlink: /home/u2028576/slam_project/install/turtlebot3_navigation2/share/ament_index/resource_index/package_run_dependencies/turtlebot3_navigation2
[0.657s] -- Up-to-date symlink: /home/u2028576/slam_project/install/turtlebot3_navigation2/share/ament_index/resource_index/parent_prefix_path/turtlebot3_navigation2
[0.657s] -- Up-to-date symlink: /home/u2028576/slam_project/install/turtlebot3_navigation2/share/turtlebot3_navigation2/environment/ament_prefix_path.sh
[0.657s] -- Up-to-date symlink: /home/u2028576/slam_project/install/turtlebot3_navigation2/share/turtlebot3_navigation2/environment/ament_prefix_path.dsv
[0.658s] -- Up-to-date symlink: /home/u2028576/slam_project/install/turtlebot3_navigation2/share/turtlebot3_navigation2/environment/path.sh
[0.658s] -- Up-to-date symlink: /home/u2028576/slam_project/install/turtlebot3_navigation2/share/turtlebot3_navigation2/environment/path.dsv
[0.658s] -- Up-to-date symlink: /home/u2028576/slam_project/install/turtlebot3_navigation2/share/turtlebot3_navigation2/local_setup.bash
[0.658s] -- Up-to-date symlink: /home/u2028576/slam_project/install/turtlebot3_navigation2/share/turtlebot3_navigation2/local_setup.sh
[0.658s] -- Up-to-date symlink: /home/u2028576/slam_project/install/turtlebot3_navigation2/share/turtlebot3_navigation2/local_setup.zsh
[0.658s] -- Up-to-date symlink: /home/u2028576/slam_project/install/turtlebot3_navigation2/share/turtlebot3_navigation2/local_setup.dsv
[0.658s] -- Symlinking: /home/u2028576/slam_project/install/turtlebot3_navigation2/share/turtlebot3_navigation2/package.dsv
[0.665s] -- Up-to-date symlink: /home/u2028576/slam_project/install/turtlebot3_navigation2/share/ament_index/resource_index/packages/turtlebot3_navigation2
[0.665s] -- Up-to-date symlink: /home/u2028576/slam_project/install/turtlebot3_navigation2/share/turtlebot3_navigation2/cmake/turtlebot3_navigation2Config.cmake
[0.665s] -- Up-to-date symlink: /home/u2028576/slam_project/install/turtlebot3_navigation2/share/turtlebot3_navigation2/cmake/turtlebot3_navigation2Config-version.cmake
[0.665s] -- Up-to-date symlink: /home/u2028576/slam_project/install/turtlebot3_navigation2/share/turtlebot3_navigation2/package.xml
[0.679s] Invoked command in '/home/u2028576/slam_project/build/turtlebot3_navigation2' returned '0': CMAKE_PREFIX_PATH=/opt/ros/humble /usr/bin/cmake --install /home/u2028576/slam_project/build/turtlebot3_navigation2
