running egg_info
writing ../build/Path_Planner/Path_Planner.egg-info/PKG-INFO
writing dependency_links to ../build/Path_Planner/Path_Planner.egg-info/dependency_links.txt
writing entry points to ../build/Path_Planner/Path_Planner.egg-info/entry_points.txt
writing requirements to ../build/Path_Planner/Path_Planner.egg-info/requires.txt
writing top-level names to ../build/Path_Planner/Path_Planner.egg-info/top_level.txt
reading manifest file '../build/Path_Planner/Path_Planner.egg-info/SOURCES.txt'
writing manifest file '../build/Path_Planner/Path_Planner.egg-info/SOURCES.txt'
running build
running build_py
copying Path_Planner/PathPlanner.py -> /home/u2028576/slam_project/build/Path_Planner/build/lib/Path_Planner
copying Path_Planner/DataStructures.py -> /home/u2028576/slam_project/build/Path_Planner/build/lib/Path_Planner
running install
running install_lib
copying /home/u2028576/slam_project/build/Path_Planner/build/lib/Path_Planner/PathPlanner.py -> /home/u2028576/slam_project/install/Path_Planner/lib/python3.10/site-packages/Path_Planner
copying /home/u2028576/slam_project/build/Path_Planner/build/lib/Path_Planner/DataStructures.py -> /home/u2028576/slam_project/install/Path_Planner/lib/python3.10/site-packages/Path_Planner
byte-compiling /home/u2028576/slam_project/install/Path_Planner/lib/python3.10/site-packages/Path_Planner/PathPlanner.py to PathPlanner.cpython-310.pyc
byte-compiling /home/u2028576/slam_project/install/Path_Planner/lib/python3.10/site-packages/Path_Planner/DataStructures.py to DataStructures.cpython-310.pyc
running install_data
running install_egg_info
removing '/home/u2028576/slam_project/install/Path_Planner/lib/python3.10/site-packages/Path_Planner-0.0.0-py3.10.egg-info' (and everything under it)
Copying ../build/Path_Planner/Path_Planner.egg-info to /home/u2028576/slam_project/install/Path_Planner/lib/python3.10/site-packages/Path_Planner-0.0.0-py3.10.egg-info
running install_scripts
writing list of installed files to '/home/u2028576/slam_project/build/Path_Planner/install.log'
