[0.739s] Invoking command in '/home/u2028576/slam_project/Path_Planner': PYTHONPATH=/home/u2028576/slam_project/build/Path_Planner/prefix_override:/home/u2028576/slam_project/install/Path_Planner/lib/python3.10/site-packages:${PYTHONPATH} /usr/bin/python3 setup.py egg_info --egg-base ../build/Path_Planner build --build-base /home/u2028576/slam_project/build/Path_Planner/build install --record /home/u2028576/slam_project/build/Path_Planner/install.log --single-version-externally-managed
[1.041s] running egg_info
[1.043s] writing ../build/Path_Planner/Path_Planner.egg-info/PKG-INFO
[1.043s] writing dependency_links to ../build/Path_Planner/Path_Planner.egg-info/dependency_links.txt
[1.043s] writing entry points to ../build/Path_Planner/Path_Planner.egg-info/entry_points.txt
[1.044s] writing requirements to ../build/Path_Planner/Path_Planner.egg-info/requires.txt
[1.044s] writing top-level names to ../build/Path_Planner/Path_Planner.egg-info/top_level.txt
[1.044s] reading manifest file '../build/Path_Planner/Path_Planner.egg-info/SOURCES.txt'
[1.050s] writing manifest file '../build/Path_Planner/Path_Planner.egg-info/SOURCES.txt'
[1.050s] running build
[1.050s] running build_py
[1.050s] running install
[1.050s] running install_lib
[1.050s] running install_data
[1.050s] running install_egg_info
[1.050s] removing '/home/u2028576/slam_project/install/Path_Planner/lib/python3.10/site-packages/Path_Planner-0.0.0-py3.10.egg-info' (and everything under it)
[1.050s] Copying ../build/Path_Planner/Path_Planner.egg-info to /home/u2028576/slam_project/install/Path_Planner/lib/python3.10/site-packages/Path_Planner-0.0.0-py3.10.egg-info
[1.050s] running install_scripts
[1.067s] writing list of installed files to '/home/u2028576/slam_project/build/Path_Planner/install.log'
[1.114s] Invoked command in '/home/u2028576/slam_project/Path_Planner' returned '0': PYTHONPATH=/home/u2028576/slam_project/build/Path_Planner/prefix_override:/home/u2028576/slam_project/install/Path_Planner/lib/python3.10/site-packages:${PYTHONPATH} /usr/bin/python3 setup.py egg_info --egg-base ../build/Path_Planner build --build-base /home/u2028576/slam_project/build/Path_Planner/build install --record /home/u2028576/slam_project/build/Path_Planner/install.log --single-version-externally-managed
