[0.032s] Invoking command in '/home/u2028576/slam_project/build/turtlebot3_simulations': AMENT_PREFIX_PATH=/home/u2028576/slam_project/install/turtlebot3_fake_node:/home/u2028576/slam_project/install/turtlebot3_msgs:/home/u2028576/slam_project/install/turtlebot3_gazebo:${AMENT_PREFIX_PATH} CMAKE_PREFIX_PATH=/home/u2028576/slam_project/install/turtlebot3_fake_node:/home/u2028576/slam_project/install/turtlebot3_msgs:/home/u2028576/slam_project/install/turtlebot3_gazebo:/opt/ros/humble LD_LIBRARY_PATH=/home/u2028576/slam_project/install/turtlebot3_msgs/lib:${LD_LIBRARY_PATH} PYTHONPATH=/home/u2028576/slam_project/install/turtlebot3_msgs/local/lib/python3.10/dist-packages:${PYTHONPATH} /usr/bin/cmake --build /home/u2028576/slam_project/build/turtlebot3_simulations -- -j6 -l6
[0.115s] Invoked command in '/home/u2028576/slam_project/build/turtlebot3_simulations' returned '0': AMENT_PREFIX_PATH=/home/u2028576/slam_project/install/turtlebot3_fake_node:/home/u2028576/slam_project/install/turtlebot3_msgs:/home/u2028576/slam_project/install/turtlebot3_gazebo:${AMENT_PREFIX_PATH} CMAKE_PREFIX_PATH=/home/u2028576/slam_project/install/turtlebot3_fake_node:/home/u2028576/slam_project/install/turtlebot3_msgs:/home/u2028576/slam_project/install/turtlebot3_gazebo:/opt/ros/humble LD_LIBRARY_PATH=/home/u2028576/slam_project/install/turtlebot3_msgs/lib:${LD_LIBRARY_PATH} PYTHONPATH=/home/u2028576/slam_project/install/turtlebot3_msgs/local/lib/python3.10/dist-packages:${PYTHONPATH} /usr/bin/cmake --build /home/u2028576/slam_project/build/turtlebot3_simulations -- -j6 -l6
[0.185s] Invoking command in '/home/u2028576/slam_project/build/turtlebot3_simulations': AMENT_PREFIX_PATH=/home/u2028576/slam_project/install/turtlebot3_fake_node:/home/u2028576/slam_project/install/turtlebot3_msgs:/home/u2028576/slam_project/install/turtlebot3_gazebo:${AMENT_PREFIX_PATH} CMAKE_PREFIX_PATH=/home/u2028576/slam_project/install/turtlebot3_fake_node:/home/u2028576/slam_project/install/turtlebot3_msgs:/home/u2028576/slam_project/install/turtlebot3_gazebo:/opt/ros/humble LD_LIBRARY_PATH=/home/u2028576/slam_project/install/turtlebot3_msgs/lib:${LD_LIBRARY_PATH} PYTHONPATH=/home/u2028576/slam_project/install/turtlebot3_msgs/local/lib/python3.10/dist-packages:${PYTHONPATH} /usr/bin/cmake --install /home/u2028576/slam_project/build/turtlebot3_simulations
[0.188s] -- Install configuration: ""
[0.191s] -- Execute custom install script
[0.191s] -- Up-to-date symlink: /home/u2028576/slam_project/install/turtlebot3_simulations/share/ament_index/resource_index/package_run_dependencies/turtlebot3_simulations
[0.191s] -- Up-to-date symlink: /home/u2028576/slam_project/install/turtlebot3_simulations/share/ament_index/resource_index/parent_prefix_path/turtlebot3_simulations
[0.191s] -- Up-to-date symlink: /home/u2028576/slam_project/install/turtlebot3_simulations/share/turtlebot3_simulations/environment/ament_prefix_path.sh
[0.191s] -- Up-to-date symlink: /home/u2028576/slam_project/install/turtlebot3_simulations/share/turtlebot3_simulations/environment/ament_prefix_path.dsv
[0.191s] -- Up-to-date symlink: /home/u2028576/slam_project/install/turtlebot3_simulations/share/turtlebot3_simulations/environment/path.sh
[0.191s] -- Up-to-date symlink: /home/u2028576/slam_project/install/turtlebot3_simulations/share/turtlebot3_simulations/environment/path.dsv
[0.191s] -- Up-to-date symlink: /home/u2028576/slam_project/install/turtlebot3_simulations/share/turtlebot3_simulations/local_setup.bash
[0.191s] -- Up-to-date symlink: /home/u2028576/slam_project/install/turtlebot3_simulations/share/turtlebot3_simulations/local_setup.sh
[0.191s] -- Up-to-date symlink: /home/u2028576/slam_project/install/turtlebot3_simulations/share/turtlebot3_simulations/local_setup.zsh
[0.191s] -- Up-to-date symlink: /home/u2028576/slam_project/install/turtlebot3_simulations/share/turtlebot3_simulations/local_setup.dsv
[0.192s] -- Symlinking: /home/u2028576/slam_project/install/turtlebot3_simulations/share/turtlebot3_simulations/package.dsv
[0.226s] -- Up-to-date symlink: /home/u2028576/slam_project/install/turtlebot3_simulations/share/ament_index/resource_index/packages/turtlebot3_simulations
[0.226s] -- Up-to-date symlink: /home/u2028576/slam_project/install/turtlebot3_simulations/share/turtlebot3_simulations/cmake/turtlebot3_simulationsConfig.cmake
[0.226s] -- Up-to-date symlink: /home/u2028576/slam_project/install/turtlebot3_simulations/share/turtlebot3_simulations/cmake/turtlebot3_simulationsConfig-version.cmake
[0.229s] -- Up-to-date symlink: /home/u2028576/slam_project/install/turtlebot3_simulations/share/turtlebot3_simulations/package.xml
[0.239s] Invoked command in '/home/u2028576/slam_project/build/turtlebot3_simulations' returned '0': AMENT_PREFIX_PATH=/home/u2028576/slam_project/install/turtlebot3_fake_node:/home/u2028576/slam_project/install/turtlebot3_msgs:/home/u2028576/slam_project/install/turtlebot3_gazebo:${AMENT_PREFIX_PATH} CMAKE_PREFIX_PATH=/home/u2028576/slam_project/install/turtlebot3_fake_node:/home/u2028576/slam_project/install/turtlebot3_msgs:/home/u2028576/slam_project/install/turtlebot3_gazebo:/opt/ros/humble LD_LIBRARY_PATH=/home/u2028576/slam_project/install/turtlebot3_msgs/lib:${LD_LIBRARY_PATH} PYTHONPATH=/home/u2028576/slam_project/install/turtlebot3_msgs/local/lib/python3.10/dist-packages:${PYTHONPATH} /usr/bin/cmake --install /home/u2028576/slam_project/build/turtlebot3_simulations
