[0.291s] Invoking command in '/home/u2028576/slam_project/build/turtlebot3_fake_node': CMAKE_PREFIX_PATH=/home/u2028576/slam_project/install/turtlebot3_msgs:/home/u2028576/slam_project/install/turtlebot3:/home/u2028576/slam_project/install/turtlebot3_simulations:/home/u2028576/slam_project/install/turtlebot3_bringup:/home/u2028576/slam_project/install/turtlebot3_node:/home/u2028576/slam_project/install/turtlebot3_navigation2:/home/u2028576/slam_project/install/turtlebot3_fake_node:/home/u2028576/slam_project/install/turtlebot3_gazebo:/home/u2028576/slam_project/install/turtlebot3_description:/home/u2028576/slam_project/install/turtlebot3_cartographer:/home/u2028576/slam_project/install/ld08_driver:/home/u2028576/slam_project/install/hls_lfcd_lds_driver:/home/u2028576/slam_project/install/dynamixel_sdk_examples:/home/u2028576/slam_project/install/dynamixel_sdk_custom_interfaces:/home/u2028576/slam_project/install/dynamixel_sdk:/home/u2028576/slam_project/install/feature_detection:/home/u2028576/slam_project/install/turtlebot3_teleop:/home/u2028576/slam_project/install/turtlebot3_example:/home/u2028576/slam_project/install/feature_detection_py:/opt/ros/humble /usr/bin/cmake --build /home/u2028576/slam_project/build/turtlebot3_fake_node -- -j6 -l6
[0.362s] [100%] Built target turtlebot3_fake_node
[0.374s] Invoked command in '/home/u2028576/slam_project/build/turtlebot3_fake_node' returned '0': CMAKE_PREFIX_PATH=/home/u2028576/slam_project/install/turtlebot3_msgs:/home/u2028576/slam_project/install/turtlebot3:/home/u2028576/slam_project/install/turtlebot3_simulations:/home/u2028576/slam_project/install/turtlebot3_bringup:/home/u2028576/slam_project/install/turtlebot3_node:/home/u2028576/slam_project/install/turtlebot3_navigation2:/home/u2028576/slam_project/install/turtlebot3_fake_node:/home/u2028576/slam_project/install/turtlebot3_gazebo:/home/u2028576/slam_project/install/turtlebot3_description:/home/u2028576/slam_project/install/turtlebot3_cartographer:/home/u2028576/slam_project/install/ld08_driver:/home/u2028576/slam_project/install/hls_lfcd_lds_driver:/home/u2028576/slam_project/install/dynamixel_sdk_examples:/home/u2028576/slam_project/install/dynamixel_sdk_custom_interfaces:/home/u2028576/slam_project/install/dynamixel_sdk:/home/u2028576/slam_project/install/feature_detection:/home/u2028576/slam_project/install/turtlebot3_teleop:/home/u2028576/slam_project/install/turtlebot3_example:/home/u2028576/slam_project/install/feature_detection_py:/opt/ros/humble /usr/bin/cmake --build /home/u2028576/slam_project/build/turtlebot3_fake_node -- -j6 -l6
[0.404s] Invoking command in '/home/u2028576/slam_project/build/turtlebot3_fake_node': CMAKE_PREFIX_PATH=/home/u2028576/slam_project/install/turtlebot3_msgs:/home/u2028576/slam_project/install/turtlebot3:/home/u2028576/slam_project/install/turtlebot3_simulations:/home/u2028576/slam_project/install/turtlebot3_bringup:/home/u2028576/slam_project/install/turtlebot3_node:/home/u2028576/slam_project/install/turtlebot3_navigation2:/home/u2028576/slam_project/install/turtlebot3_fake_node:/home/u2028576/slam_project/install/turtlebot3_gazebo:/home/u2028576/slam_project/install/turtlebot3_description:/home/u2028576/slam_project/install/turtlebot3_cartographer:/home/u2028576/slam_project/install/ld08_driver:/home/u2028576/slam_project/install/hls_lfcd_lds_driver:/home/u2028576/slam_project/install/dynamixel_sdk_examples:/home/u2028576/slam_project/install/dynamixel_sdk_custom_interfaces:/home/u2028576/slam_project/install/dynamixel_sdk:/home/u2028576/slam_project/install/feature_detection:/home/u2028576/slam_project/install/turtlebot3_teleop:/home/u2028576/slam_project/install/turtlebot3_example:/home/u2028576/slam_project/install/feature_detection_py:/opt/ros/humble /usr/bin/cmake --install /home/u2028576/slam_project/build/turtlebot3_fake_node
[0.410s] -- Install configuration: ""
[0.410s] -- Execute custom install script
[0.411s] -- Up-to-date symlink: /home/u2028576/slam_project/install/turtlebot3_fake_node/lib/turtlebot3_fake_node/turtlebot3_fake_node
[0.411s] -- Up-to-date symlink: /home/u2028576/slam_project/install/turtlebot3_fake_node/share/turtlebot3_fake_node/launch/rviz2.launch.py
[0.412s] -- Up-to-date symlink: /home/u2028576/slam_project/install/turtlebot3_fake_node/share/turtlebot3_fake_node/launch/turtlebot3_fake_node.launch.py
[0.413s] -- Up-to-date symlink: /home/u2028576/slam_project/install/turtlebot3_fake_node/share/turtlebot3_fake_node/param/burger.yaml
[0.415s] -- Up-to-date symlink: /home/u2028576/slam_project/install/turtlebot3_fake_node/share/turtlebot3_fake_node/param/waffle.yaml
[0.415s] -- Up-to-date symlink: /home/u2028576/slam_project/install/turtlebot3_fake_node/share/turtlebot3_fake_node/param/waffle_pi.yaml
[0.415s] -- Up-to-date symlink: /home/u2028576/slam_project/install/turtlebot3_fake_node/include//turtlebot3_fake_node/turtlebot3_fake_node.hpp
[0.415s] -- Up-to-date symlink: /home/u2028576/slam_project/install/turtlebot3_fake_node/share/ament_index/resource_index/package_run_dependencies/turtlebot3_fake_node
[0.415s] -- Up-to-date symlink: /home/u2028576/slam_project/install/turtlebot3_fake_node/share/ament_index/resource_index/parent_prefix_path/turtlebot3_fake_node
[0.415s] -- Up-to-date symlink: /home/u2028576/slam_project/install/turtlebot3_fake_node/share/turtlebot3_fake_node/environment/ament_prefix_path.sh
[0.417s] -- Up-to-date symlink: /home/u2028576/slam_project/install/turtlebot3_fake_node/share/turtlebot3_fake_node/environment/ament_prefix_path.dsv
[0.418s] -- Up-to-date symlink: /home/u2028576/slam_project/install/turtlebot3_fake_node/share/turtlebot3_fake_node/environment/path.sh
[0.418s] -- Up-to-date symlink: /home/u2028576/slam_project/install/turtlebot3_fake_node/share/turtlebot3_fake_node/environment/path.dsv
[0.418s] -- Up-to-date symlink: /home/u2028576/slam_project/install/turtlebot3_fake_node/share/turtlebot3_fake_node/local_setup.bash
[0.418s] -- Up-to-date symlink: /home/u2028576/slam_project/install/turtlebot3_fake_node/share/turtlebot3_fake_node/local_setup.sh
[0.419s] -- Up-to-date symlink: /home/u2028576/slam_project/install/turtlebot3_fake_node/share/turtlebot3_fake_node/local_setup.zsh
[0.419s] -- Up-to-date symlink: /home/u2028576/slam_project/install/turtlebot3_fake_node/share/turtlebot3_fake_node/local_setup.dsv
[0.419s] -- Symlinking: /home/u2028576/slam_project/install/turtlebot3_fake_node/share/turtlebot3_fake_node/package.dsv
[0.429s] -- Up-to-date symlink: /home/u2028576/slam_project/install/turtlebot3_fake_node/share/ament_index/resource_index/packages/turtlebot3_fake_node
[0.429s] -- Up-to-date symlink: /home/u2028576/slam_project/install/turtlebot3_fake_node/share/turtlebot3_fake_node/cmake/ament_cmake_export_include_directories-extras.cmake
[0.429s] -- Up-to-date symlink: /home/u2028576/slam_project/install/turtlebot3_fake_node/share/turtlebot3_fake_node/cmake/ament_cmake_export_dependencies-extras.cmake
[0.429s] -- Up-to-date symlink: /home/u2028576/slam_project/install/turtlebot3_fake_node/share/turtlebot3_fake_node/cmake/turtlebot3_fake_nodeConfig.cmake
[0.429s] -- Up-to-date symlink: /home/u2028576/slam_project/install/turtlebot3_fake_node/share/turtlebot3_fake_node/cmake/turtlebot3_fake_nodeConfig-version.cmake
[0.429s] -- Up-to-date symlink: /home/u2028576/slam_project/install/turtlebot3_fake_node/share/turtlebot3_fake_node/package.xml
[0.437s] Invoked command in '/home/u2028576/slam_project/build/turtlebot3_fake_node' returned '0': CMAKE_PREFIX_PATH=/home/u2028576/slam_project/install/turtlebot3_msgs:/home/u2028576/slam_project/install/turtlebot3:/home/u2028576/slam_project/install/turtlebot3_simulations:/home/u2028576/slam_project/install/turtlebot3_bringup:/home/u2028576/slam_project/install/turtlebot3_node:/home/u2028576/slam_project/install/turtlebot3_navigation2:/home/u2028576/slam_project/install/turtlebot3_fake_node:/home/u2028576/slam_project/install/turtlebot3_gazebo:/home/u2028576/slam_project/install/turtlebot3_description:/home/u2028576/slam_project/install/turtlebot3_cartographer:/home/u2028576/slam_project/install/ld08_driver:/home/u2028576/slam_project/install/hls_lfcd_lds_driver:/home/u2028576/slam_project/install/dynamixel_sdk_examples:/home/u2028576/slam_project/install/dynamixel_sdk_custom_interfaces:/home/u2028576/slam_project/install/dynamixel_sdk:/home/u2028576/slam_project/install/feature_detection:/home/u2028576/slam_project/install/turtlebot3_teleop:/home/u2028576/slam_project/install/turtlebot3_example:/home/u2028576/slam_project/install/feature_detection_py:/opt/ros/humble /usr/bin/cmake --install /home/u2028576/slam_project/build/turtlebot3_fake_node
