[0.036s] Invoking command in '/home/u2028576/slam_project/build/turtlebot3_navigation2': CMAKE_PREFIX_PATH=${CMAKE_PREFIX_PATH}:/home/u2028576/slam_project/install/feature_detection_py:/opt/ros/humble /usr/bin/cmake --build /home/u2028576/slam_project/build/turtlebot3_navigation2 -- -j6 -l6
[0.363s] Invoked command in '/home/u2028576/slam_project/build/turtlebot3_navigation2' returned '0': CMAKE_PREFIX_PATH=${CMAKE_PREFIX_PATH}:/home/u2028576/slam_project/install/feature_detection_py:/opt/ros/humble /usr/bin/cmake --build /home/u2028576/slam_project/build/turtlebot3_navigation2 -- -j6 -l6
[0.404s] Invoking command in '/home/u2028576/slam_project/build/turtlebot3_navigation2': CMAKE_PREFIX_PATH=${CMAKE_PREFIX_PATH}:/home/u2028576/slam_project/install/feature_detection_py:/opt/ros/humble /usr/bin/cmake --install /home/u2028576/slam_project/build/turtlebot3_navigation2
[0.422s] -- Install configuration: ""
[0.422s] -- Execute custom install script
[0.427s] -- Up-to-date symlink: /home/u2028576/slam_project/install/turtlebot3_navigation2/share/turtlebot3_navigation2/launch/navigation2.launch.py
[0.427s] -- Up-to-date symlink: /home/u2028576/slam_project/install/turtlebot3_navigation2/share/turtlebot3_navigation2/map/map.pgm
[0.427s] -- Up-to-date symlink: /home/u2028576/slam_project/install/turtlebot3_navigation2/share/turtlebot3_navigation2/map/map.yaml
[0.427s] -- Up-to-date symlink: /home/u2028576/slam_project/install/turtlebot3_navigation2/share/turtlebot3_navigation2/param/burger.yaml
[0.427s] -- Up-to-date symlink: /home/u2028576/slam_project/install/turtlebot3_navigation2/share/turtlebot3_navigation2/param/waffle.yaml
[0.427s] -- Up-to-date symlink: /home/u2028576/slam_project/install/turtlebot3_navigation2/share/turtlebot3_navigation2/param/waffle_pi.yaml
[0.427s] -- Up-to-date symlink: /home/u2028576/slam_project/install/turtlebot3_navigation2/share/turtlebot3_navigation2/rviz/tb3_navigation2.rviz
[0.427s] -- Up-to-date symlink: /home/u2028576/slam_project/install/turtlebot3_navigation2/share/ament_index/resource_index/package_run_dependencies/turtlebot3_navigation2
[0.427s] -- Up-to-date symlink: /home/u2028576/slam_project/install/turtlebot3_navigation2/share/ament_index/resource_index/parent_prefix_path/turtlebot3_navigation2
[0.427s] -- Up-to-date symlink: /home/u2028576/slam_project/install/turtlebot3_navigation2/share/turtlebot3_navigation2/environment/ament_prefix_path.sh
[0.427s] -- Up-to-date symlink: /home/u2028576/slam_project/install/turtlebot3_navigation2/share/turtlebot3_navigation2/environment/ament_prefix_path.dsv
[0.428s] -- Up-to-date symlink: /home/u2028576/slam_project/install/turtlebot3_navigation2/share/turtlebot3_navigation2/environment/path.sh
[0.428s] -- Up-to-date symlink: /home/u2028576/slam_project/install/turtlebot3_navigation2/share/turtlebot3_navigation2/environment/path.dsv
[0.429s] -- Up-to-date symlink: /home/u2028576/slam_project/install/turtlebot3_navigation2/share/turtlebot3_navigation2/local_setup.bash
[0.429s] -- Up-to-date symlink: /home/u2028576/slam_project/install/turtlebot3_navigation2/share/turtlebot3_navigation2/local_setup.sh
[0.429s] -- Up-to-date symlink: /home/u2028576/slam_project/install/turtlebot3_navigation2/share/turtlebot3_navigation2/local_setup.zsh
[0.430s] -- Up-to-date symlink: /home/u2028576/slam_project/install/turtlebot3_navigation2/share/turtlebot3_navigation2/local_setup.dsv
[0.430s] -- Symlinking: /home/u2028576/slam_project/install/turtlebot3_navigation2/share/turtlebot3_navigation2/package.dsv
[0.439s] -- Up-to-date symlink: /home/u2028576/slam_project/install/turtlebot3_navigation2/share/ament_index/resource_index/packages/turtlebot3_navigation2
[0.440s] -- Up-to-date symlink: /home/u2028576/slam_project/install/turtlebot3_navigation2/share/turtlebot3_navigation2/cmake/turtlebot3_navigation2Config.cmake
[0.440s] -- Up-to-date symlink: /home/u2028576/slam_project/install/turtlebot3_navigation2/share/turtlebot3_navigation2/cmake/turtlebot3_navigation2Config-version.cmake
[0.440s] -- Up-to-date symlink: /home/u2028576/slam_project/install/turtlebot3_navigation2/share/turtlebot3_navigation2/package.xml
[0.451s] Invoked command in '/home/u2028576/slam_project/build/turtlebot3_navigation2' returned '0': CMAKE_PREFIX_PATH=${CMAKE_PREFIX_PATH}:/home/u2028576/slam_project/install/feature_detection_py:/opt/ros/humble /usr/bin/cmake --install /home/u2028576/slam_project/build/turtlebot3_navigation2
